#
# There is insufficient memory for the Java Runtime Environment to continue.
# Native memory allocation (malloc) failed to allocate 435056 bytes for Chunk::new
# Possible reasons:
#   The system is out of physical RAM or swap space
#   The process is running with CompressedOops enabled, and the Java Heap may be blocking the growth of the native heap
# Possible solutions:
#   Reduce memory load on the system
#   Increase physical memory or swap space
#   Check if swap backing store is full
#   Decrease Java heap size (-Xmx/-Xms)
#   Decrease number of Java threads
#   Decrease Java thread stack sizes (-Xss)
#   Set larger code cache with -XX:ReservedCodeCacheSize=
#   JVM is running with Zero Based Compressed Oops mode in which the Java heap is
#     placed in the first 32GB address space. The Java Heap base address is the
#     maximum limit for the native heap growth. Please use -XX:HeapBaseMinAddress
#     to set the Java Heap base and to place the Java Heap above 32GB virtual address.
# This output file may be truncated or incomplete.
#
#  Out of Memory Error (./src/hotspot/share/memory/arena.cpp:197), pid=17640, tid=16284
#
# JRE version: OpenJDK Runtime Environment JBR-11.0.14.1.1-1751.46-jcef (11.0.14.1+1) (build 11.0.14.1+1-b1751.46)
# Java VM: OpenJDK 64-Bit Server VM JBR-11.0.14.1.1-1751.46-jcef (11.0.14.1+1-b1751.46, mixed mode, tiered, compressed oops, g1 gc, windows-amd64)
# No core dump will be written. Minidumps are not enabled by default on client versions of Windows
#

---------------  S U M M A R Y ------------

Command Line: -Dfile.encoding=x-windows-949 -Duser.country=KR -Duser.language=ko -Duser.variant com.doit.study.StudyApplication

Host: Intel(R) Core(TM) i5-4670 CPU @ 3.40GHz, 4 cores, 15G,  Windows 10 , 64 bit Build 19041 (10.0.19041.1566)
Time: Tue Apr  5 00:22:30 2022 대한민국 표준시 elapsed time: 24.229963 seconds (0d 0h 0m 24s)

---------------  T H R E A D  ---------------

Current thread (0x0000021ddae37000):  JavaThread "C2 CompilerThread0" daemon [_thread_in_native, id=16284, stack(0x000000dc38500000,0x000000dc38600000)]


Current CompileTask:
C2:  24234 4409       4       java.net.URLStreamHandler::toExternalForm (156 bytes)

Stack: [0x000000dc38500000,0x000000dc38600000]
Native frames: (J=compiled Java code, j=interpreted, Vv=VM code, C=native code)
V  [jvm.dll+0x61601a]
V  [jvm.dll+0x79c3b0]
V  [jvm.dll+0x79d9cd]
V  [jvm.dll+0x79e0a3]
V  [jvm.dll+0x24ca38]
V  [jvm.dll+0xc14ac]
V  [jvm.dll+0xc19dc]
V  [jvm.dll+0x362f6d]
V  [jvm.dll+0x19ef5c]
V  [jvm.dll+0x2053be]
V  [jvm.dll+0x204437]
V  [jvm.dll+0x18b341]
V  [jvm.dll+0x21310f]
V  [jvm.dll+0x2119b1]
V  [jvm.dll+0x76300f]
V  [jvm.dll+0x75bc05]
V  [jvm.dll+0x614c86]
C  [ucrtbase.dll+0x21bb2]
C  [KERNEL32.DLL+0x17034]
C  [ntdll.dll+0x52651]


---------------  P R O C E S S  ---------------

Threads class SMR info:
_java_thread_list=0x0000021dde2fedb0, length=26, elements={
0x0000021dda510000, 0x0000021dda506800, 0x0000021ddae2f800, 0x0000021ddae31000,
0x0000021ddae32000, 0x0000021ddae37000, 0x0000021dda512000, 0x0000021dda515800,
0x0000021ddafb4000, 0x0000021dde3bf800, 0x0000021ddde06800, 0x0000021ddfbcd800,
0x0000021ddc3a9000, 0x0000021dde31f800, 0x0000021ddc395000, 0x0000021ddbfd9800,
0x0000021ddc1c0000, 0x0000021ddc8f4000, 0x0000021ddc8f5000, 0x0000021ddc7e5800,
0x0000021ddc7e4000, 0x0000021ddc7e1800, 0x0000021ddc7e6000, 0x0000021ddc7e7000,
0x0000021ddc7e8000, 0x0000021ddb852800
}

Java Threads: ( => current thread )
  0x0000021dda510000 JavaThread "Reference Handler" daemon [_thread_blocked, id=3220, stack(0x000000dc38000000,0x000000dc38100000)]
  0x0000021dda506800 JavaThread "Finalizer" daemon [_thread_blocked, id=21536, stack(0x000000dc38100000,0x000000dc38200000)]
  0x0000021ddae2f800 JavaThread "Signal Dispatcher" daemon [_thread_blocked, id=6972, stack(0x000000dc38200000,0x000000dc38300000)]
  0x0000021ddae31000 JavaThread "Attach Listener" daemon [_thread_blocked, id=27592, stack(0x000000dc38300000,0x000000dc38400000)]
  0x0000021ddae32000 JavaThread "Service Thread" daemon [_thread_blocked, id=11208, stack(0x000000dc38400000,0x000000dc38500000)]
=>0x0000021ddae37000 JavaThread "C2 CompilerThread0" daemon [_thread_in_native, id=16284, stack(0x000000dc38500000,0x000000dc38600000)]
  0x0000021dda512000 JavaThread "C1 CompilerThread0" daemon [_thread_blocked, id=24792, stack(0x000000dc38600000,0x000000dc38700000)]
  0x0000021dda515800 JavaThread "Sweeper thread" daemon [_thread_blocked, id=17148, stack(0x000000dc38700000,0x000000dc38800000)]
  0x0000021ddafb4000 JavaThread "Common-Cleaner" daemon [_thread_blocked, id=20764, stack(0x000000dc38900000,0x000000dc38a00000)]
  0x0000021dde3bf800 JavaThread "Catalina-utility-1" [_thread_blocked, id=5312, stack(0x000000dc38e00000,0x000000dc38f00000)]
  0x0000021ddde06800 JavaThread "Catalina-utility-2" [_thread_blocked, id=2820, stack(0x000000dc38f00000,0x000000dc39000000)]
  0x0000021ddfbcd800 JavaThread "container-0" [_thread_blocked, id=26660, stack(0x000000dc39000000,0x000000dc39100000)]
  0x0000021ddc3a9000 JavaThread "http-nio-8080-exec-1" daemon [_thread_in_Java, id=15648, stack(0x000000dc39100000,0x000000dc39200000)]
  0x0000021dde31f800 JavaThread "http-nio-8080-exec-2" daemon [_thread_blocked, id=27420, stack(0x000000dc39200000,0x000000dc39300000)]
  0x0000021ddc395000 JavaThread "http-nio-8080-exec-3" daemon [_thread_blocked, id=14872, stack(0x000000dc39300000,0x000000dc39400000)]
  0x0000021ddbfd9800 JavaThread "http-nio-8080-exec-4" daemon [_thread_blocked, id=22276, stack(0x000000dc39400000,0x000000dc39500000)]
  0x0000021ddc1c0000 JavaThread "http-nio-8080-exec-5" daemon [_thread_blocked, id=9168, stack(0x000000dc39500000,0x000000dc39600000)]
  0x0000021ddc8f4000 JavaThread "http-nio-8080-exec-6" daemon [_thread_blocked, id=18568, stack(0x000000dc39600000,0x000000dc39700000)]
  0x0000021ddc8f5000 JavaThread "http-nio-8080-exec-7" daemon [_thread_blocked, id=18520, stack(0x000000dc39700000,0x000000dc39800000)]
  0x0000021ddc7e5800 JavaThread "http-nio-8080-exec-8" daemon [_thread_blocked, id=25840, stack(0x000000dc39800000,0x000000dc39900000)]
  0x0000021ddc7e4000 JavaThread "http-nio-8080-exec-9" daemon [_thread_blocked, id=9744, stack(0x000000dc39900000,0x000000dc39a00000)]
  0x0000021ddc7e1800 JavaThread "http-nio-8080-exec-10" daemon [_thread_blocked, id=22520, stack(0x000000dc39a00000,0x000000dc39b00000)]
  0x0000021ddc7e6000 JavaThread "http-nio-8080-Poller" daemon [_thread_in_native, id=220, stack(0x000000dc39b00000,0x000000dc39c00000)]
  0x0000021ddc7e7000 JavaThread "http-nio-8080-Acceptor" daemon [_thread_in_native, id=27032, stack(0x000000dc39c00000,0x000000dc39d00000)]
  0x0000021ddc7e8000 JavaThread "DestroyJavaVM" [_thread_blocked, id=3216, stack(0x000000dc37900000,0x000000dc37a00000)]
  0x0000021ddb852800 JavaThread "C2 CompilerThread1" daemon [_thread_in_native, id=13240, stack(0x000000dc38a00000,0x000000dc38b00000)]

Other Threads:
  0x0000021ddadc8000 VMThread "VM Thread" [stack: 0x000000dc37f00000,0x000000dc38000000] [id=23248]
  0x0000021ddafad000 WatcherThread [stack: 0x000000dc38800000,0x000000dc38900000] [id=24600]
  0x0000021db9cc7000 GCTaskThread "GC Thread#0" [stack: 0x000000dc37a00000,0x000000dc37b00000] [id=24216]
  0x0000021ddbcc5800 GCTaskThread "GC Thread#1" [stack: 0x000000dc38b00000,0x000000dc38c00000] [id=22976]
  0x0000021ddba59800 GCTaskThread "GC Thread#2" [stack: 0x000000dc38c00000,0x000000dc38d00000] [id=18548]
  0x0000021ddb86a000 GCTaskThread "GC Thread#3" [stack: 0x000000dc38d00000,0x000000dc38e00000] [id=15400]
  0x0000021db9d22000 ConcurrentGCThread "G1 Main Marker" [stack: 0x000000dc37b00000,0x000000dc37c00000] [id=26024]
  0x0000021db9d23800 ConcurrentGCThread "G1 Conc#0" [stack: 0x000000dc37c00000,0x000000dc37d00000] [id=10892]
  0x0000021dda3ec000 ConcurrentGCThread "G1 Refine#0" [stack: 0x000000dc37d00000,0x000000dc37e00000] [id=25240]
  0x0000021dda3ed000 ConcurrentGCThread "G1 Young RemSet Sampling" [stack: 0x000000dc37e00000,0x000000dc37f00000] [id=6428]

Threads with active compile tasks:
C2 CompilerThread0  24423 4409       4       java.net.URLStreamHandler::toExternalForm (156 bytes)
C2 CompilerThread1  24426 4470 %     4       org.unbescape.html.HtmlEscapeSymbols::<init> @ 366 (637 bytes)

VM state:not at safepoint (normal execution)

VM Mutex/Monitor currently owned by a thread: None

Heap address: 0x0000000701400000, size: 4076 MB, Compressed Oops mode: Zero based, Oop shift amount: 3
Narrow klass base: 0x0000000800000000, Narrow klass shift: 0
Compressed class space size: 1073741824 Address: 0x0000000800000000

Heap:
 garbage-first heap   total 315392K, used 27145K [0x0000000701400000, 0x0000000800000000)
  region size 1024K, 21 young (21504K), 12 survivors (12288K)
 Metaspace       used 49138K, capacity 50486K, committed 50688K, reserved 1093632K
  class space    used 5824K, capacity 6392K, committed 6400K, reserved 1048576K
Heap Regions: E=young(eden), S=young(survivor), O=old, HS=humongous(starts), HC=humongous(continues), CS=collection set, F=free, A=archive, TAMS=top-at-mark-start (previous, next)
|   0|0x0000000701400000, 0x0000000701500000, 0x0000000701500000|100%| O|  |TAMS 0x0000000701500000, 0x0000000701400000| Untracked 
|   1|0x0000000701500000, 0x0000000701600000, 0x0000000701600000|100%| O|  |TAMS 0x0000000701600000, 0x0000000701500000| Untracked 
|   2|0x0000000701600000, 0x0000000701700000, 0x0000000701700000|100%| O|  |TAMS 0x0000000701700000, 0x0000000701600000| Untracked 
|   3|0x0000000701700000, 0x0000000701800000, 0x0000000701800000|100%| O|  |TAMS 0x0000000701800000, 0x0000000701700000| Untracked 
|   4|0x0000000701800000, 0x0000000701900000, 0x0000000701900000|100%| O|  |TAMS 0x0000000701887400, 0x0000000701800000| Untracked 
|   5|0x0000000701900000, 0x0000000701a00000, 0x0000000701a00000|100%| O|  |TAMS 0x0000000701900000, 0x0000000701900000| Untracked 
|   6|0x0000000701a00000, 0x0000000701a82a00, 0x0000000701b00000| 51%| O|  |TAMS 0x0000000701a00000, 0x0000000701a00000| Untracked 
|   7|0x0000000701b00000, 0x0000000701b00000, 0x0000000701c00000|  0%| F|  |TAMS 0x0000000701b00000, 0x0000000701b00000| Untracked 
|   8|0x0000000701c00000, 0x0000000701c00000, 0x0000000701d00000|  0%| F|  |TAMS 0x0000000701c00000, 0x0000000701c00000| Untracked 
|   9|0x0000000701d00000, 0x0000000701d00000, 0x0000000701e00000|  0%| F|  |TAMS 0x0000000701d00000, 0x0000000701d00000| Untracked 
|  10|0x0000000701e00000, 0x0000000701e00000, 0x0000000701f00000|  0%| F|  |TAMS 0x0000000701e00000, 0x0000000701e00000| Untracked 
|  11|0x0000000701f00000, 0x0000000701f00000, 0x0000000702000000|  0%| F|  |TAMS 0x0000000701f00000, 0x0000000701f00000| Untracked 
|  12|0x0000000702000000, 0x0000000702000000, 0x0000000702100000|  0%| F|  |TAMS 0x0000000702000000, 0x0000000702000000| Untracked 
|  13|0x0000000702100000, 0x0000000702100000, 0x0000000702200000|  0%| F|  |TAMS 0x0000000702100000, 0x0000000702100000| Untracked 
|  14|0x0000000702200000, 0x0000000702200000, 0x0000000702300000|  0%| F|  |TAMS 0x0000000702200000, 0x0000000702200000| Untracked 
|  15|0x0000000702300000, 0x0000000702300000, 0x0000000702400000|  0%| F|  |TAMS 0x0000000702300000, 0x0000000702300000| Untracked 
|  16|0x0000000702400000, 0x0000000702400000, 0x0000000702500000|  0%| F|  |TAMS 0x0000000702400000, 0x0000000702400000| Untracked 
|  17|0x0000000702500000, 0x0000000702500000, 0x0000000702600000|  0%| F|  |TAMS 0x0000000702500000, 0x0000000702500000| Untracked 
|  18|0x0000000702600000, 0x0000000702600000, 0x0000000702700000|  0%| F|  |TAMS 0x0000000702600000, 0x0000000702600000| Untracked 
|  19|0x0000000702700000, 0x0000000702700000, 0x0000000702800000|  0%| F|  |TAMS 0x0000000702700000, 0x0000000702700000| Untracked 
|  20|0x0000000702800000, 0x0000000702800000, 0x0000000702900000|  0%| F|  |TAMS 0x0000000702800000, 0x0000000702800000| Untracked 
|  21|0x0000000702900000, 0x0000000702900000, 0x0000000702a00000|  0%| F|  |TAMS 0x0000000702900000, 0x0000000702900000| Untracked 
|  22|0x0000000702a00000, 0x0000000702a00000, 0x0000000702b00000|  0%| F|  |TAMS 0x0000000702a00000, 0x0000000702a00000| Untracked 
|  23|0x0000000702b00000, 0x0000000702b00000, 0x0000000702c00000|  0%| F|  |TAMS 0x0000000702b00000, 0x0000000702b00000| Untracked 
|  24|0x0000000702c00000, 0x0000000702c00000, 0x0000000702d00000|  0%| F|  |TAMS 0x0000000702c00000, 0x0000000702c00000| Untracked 
|  25|0x0000000702d00000, 0x0000000702d00000, 0x0000000702e00000|  0%| F|  |TAMS 0x0000000702d00000, 0x0000000702d00000| Untracked 
|  26|0x0000000702e00000, 0x0000000702e00000, 0x0000000702f00000|  0%| F|  |TAMS 0x0000000702e00000, 0x0000000702e00000| Untracked 
|  27|0x0000000702f00000, 0x0000000702f00000, 0x0000000703000000|  0%| F|  |TAMS 0x0000000702f00000, 0x0000000702f00000| Untracked 
|  28|0x0000000703000000, 0x0000000703000000, 0x0000000703100000|  0%| F|  |TAMS 0x0000000703000000, 0x0000000703000000| Untracked 
|  29|0x0000000703100000, 0x0000000703100000, 0x0000000703200000|  0%| F|  |TAMS 0x0000000703100000, 0x0000000703100000| Untracked 
|  30|0x0000000703200000, 0x0000000703200000, 0x0000000703300000|  0%| F|  |TAMS 0x0000000703200000, 0x0000000703200000| Untracked 
|  31|0x0000000703300000, 0x0000000703300000, 0x0000000703400000|  0%| F|  |TAMS 0x0000000703300000, 0x0000000703300000| Untracked 
|  32|0x0000000703400000, 0x0000000703400000, 0x0000000703500000|  0%| F|  |TAMS 0x0000000703400000, 0x0000000703400000| Untracked 
|  33|0x0000000703500000, 0x0000000703500000, 0x0000000703600000|  0%| F|  |TAMS 0x0000000703500000, 0x0000000703500000| Untracked 
|  34|0x0000000703600000, 0x0000000703600000, 0x0000000703700000|  0%| F|  |TAMS 0x0000000703600000, 0x0000000703600000| Untracked 
|  35|0x0000000703700000, 0x0000000703700000, 0x0000000703800000|  0%| F|  |TAMS 0x0000000703700000, 0x0000000703700000| Untracked 
|  36|0x0000000703800000, 0x0000000703800000, 0x0000000703900000|  0%| F|  |TAMS 0x0000000703800000, 0x0000000703800000| Untracked 
|  37|0x0000000703900000, 0x0000000703900000, 0x0000000703a00000|  0%| F|  |TAMS 0x0000000703900000, 0x0000000703900000| Untracked 
|  38|0x0000000703a00000, 0x0000000703a00000, 0x0000000703b00000|  0%| F|  |TAMS 0x0000000703a00000, 0x0000000703a00000| Untracked 
|  39|0x0000000703b00000, 0x0000000703b00000, 0x0000000703c00000|  0%| F|  |TAMS 0x0000000703b00000, 0x0000000703b00000| Untracked 
|  40|0x0000000703c00000, 0x0000000703c00000, 0x0000000703d00000|  0%| F|  |TAMS 0x0000000703c00000, 0x0000000703c00000| Untracked 
|  41|0x0000000703d00000, 0x0000000703d00000, 0x0000000703e00000|  0%| F|  |TAMS 0x0000000703d00000, 0x0000000703d00000| Untracked 
|  42|0x0000000703e00000, 0x0000000703e00000, 0x0000000703f00000|  0%| F|  |TAMS 0x0000000703e00000, 0x0000000703e00000| Untracked 
|  43|0x0000000703f00000, 0x0000000703f00000, 0x0000000704000000|  0%| F|  |TAMS 0x0000000703f00000, 0x0000000703f00000| Untracked 
|  44|0x0000000704000000, 0x0000000704000000, 0x0000000704100000|  0%| F|  |TAMS 0x0000000704000000, 0x0000000704000000| Untracked 
|  45|0x0000000704100000, 0x0000000704100000, 0x0000000704200000|  0%| F|  |TAMS 0x0000000704100000, 0x0000000704100000| Untracked 
|  46|0x0000000704200000, 0x0000000704200000, 0x0000000704300000|  0%| F|  |TAMS 0x0000000704200000, 0x0000000704200000| Untracked 
|  47|0x0000000704300000, 0x0000000704300000, 0x0000000704400000|  0%| F|  |TAMS 0x0000000704300000, 0x0000000704300000| Untracked 
|  48|0x0000000704400000, 0x0000000704400000, 0x0000000704500000|  0%| F|  |TAMS 0x0000000704400000, 0x0000000704400000| Untracked 
|  49|0x0000000704500000, 0x0000000704500000, 0x0000000704600000|  0%| F|  |TAMS 0x0000000704500000, 0x0000000704500000| Untracked 
|  50|0x0000000704600000, 0x0000000704600000, 0x0000000704700000|  0%| F|  |TAMS 0x0000000704600000, 0x0000000704600000| Untracked 
|  51|0x0000000704700000, 0x0000000704700000, 0x0000000704800000|  0%| F|  |TAMS 0x0000000704700000, 0x0000000704700000| Untracked 
|  52|0x0000000704800000, 0x0000000704800000, 0x0000000704900000|  0%| F|  |TAMS 0x0000000704800000, 0x0000000704800000| Untracked 
|  53|0x0000000704900000, 0x0000000704900000, 0x0000000704a00000|  0%| F|  |TAMS 0x0000000704900000, 0x0000000704900000| Untracked 
|  54|0x0000000704a00000, 0x0000000704a00000, 0x0000000704b00000|  0%| F|  |TAMS 0x0000000704a00000, 0x0000000704a00000| Untracked 
|  55|0x0000000704b00000, 0x0000000704b00000, 0x0000000704c00000|  0%| F|  |TAMS 0x0000000704b00000, 0x0000000704b00000| Untracked 
|  56|0x0000000704c00000, 0x0000000704c00000, 0x0000000704d00000|  0%| F|  |TAMS 0x0000000704c00000, 0x0000000704c00000| Untracked 
|  57|0x0000000704d00000, 0x0000000704d00000, 0x0000000704e00000|  0%| F|  |TAMS 0x0000000704d00000, 0x0000000704d00000| Untracked 
|  58|0x0000000704e00000, 0x0000000704e00000, 0x0000000704f00000|  0%| F|  |TAMS 0x0000000704e00000, 0x0000000704e00000| Untracked 
|  59|0x0000000704f00000, 0x0000000704f00000, 0x0000000705000000|  0%| F|  |TAMS 0x0000000704f00000, 0x0000000704f00000| Untracked 
|  60|0x0000000705000000, 0x0000000705000000, 0x0000000705100000|  0%| F|  |TAMS 0x0000000705000000, 0x0000000705000000| Untracked 
|  61|0x0000000705100000, 0x0000000705100000, 0x0000000705200000|  0%| F|  |TAMS 0x0000000705100000, 0x0000000705100000| Untracked 
|  62|0x0000000705200000, 0x0000000705200000, 0x0000000705300000|  0%| F|  |TAMS 0x0000000705200000, 0x0000000705200000| Untracked 
|  63|0x0000000705300000, 0x0000000705300000, 0x0000000705400000|  0%| F|  |TAMS 0x0000000705300000, 0x0000000705300000| Untracked 
|  64|0x0000000705400000, 0x0000000705400000, 0x0000000705500000|  0%| F|  |TAMS 0x0000000705400000, 0x0000000705400000| Untracked 
|  65|0x0000000705500000, 0x0000000705500000, 0x0000000705600000|  0%| F|  |TAMS 0x0000000705500000, 0x0000000705500000| Untracked 
|  66|0x0000000705600000, 0x0000000705600000, 0x0000000705700000|  0%| F|  |TAMS 0x0000000705600000, 0x0000000705600000| Untracked 
|  67|0x0000000705700000, 0x0000000705700000, 0x0000000705800000|  0%| F|  |TAMS 0x0000000705700000, 0x0000000705700000| Untracked 
|  68|0x0000000705800000, 0x0000000705800000, 0x0000000705900000|  0%| F|  |TAMS 0x0000000705800000, 0x0000000705800000| Untracked 
|  69|0x0000000705900000, 0x0000000705900000, 0x0000000705a00000|  0%| F|  |TAMS 0x0000000705900000, 0x0000000705900000| Untracked 
|  70|0x0000000705a00000, 0x0000000705a00000, 0x0000000705b00000|  0%| F|  |TAMS 0x0000000705a00000, 0x0000000705a00000| Untracked 
|  71|0x0000000705b00000, 0x0000000705b00000, 0x0000000705c00000|  0%| F|  |TAMS 0x0000000705b00000, 0x0000000705b00000| Untracked 
|  72|0x0000000705c00000, 0x0000000705c00000, 0x0000000705d00000|  0%| F|  |TAMS 0x0000000705c00000, 0x0000000705c00000| Untracked 
|  73|0x0000000705d00000, 0x0000000705d00000, 0x0000000705e00000|  0%| F|  |TAMS 0x0000000705d00000, 0x0000000705d00000| Untracked 
|  74|0x0000000705e00000, 0x0000000705e00000, 0x0000000705f00000|  0%| F|  |TAMS 0x0000000705e00000, 0x0000000705e00000| Untracked 
|  75|0x0000000705f00000, 0x0000000705f00000, 0x0000000706000000|  0%| F|  |TAMS 0x0000000705f00000, 0x0000000705f00000| Untracked 
|  76|0x0000000706000000, 0x0000000706000000, 0x0000000706100000|  0%| F|  |TAMS 0x0000000706000000, 0x0000000706000000| Untracked 
|  77|0x0000000706100000, 0x0000000706100000, 0x0000000706200000|  0%| F|  |TAMS 0x0000000706100000, 0x0000000706100000| Untracked 
|  78|0x0000000706200000, 0x0000000706200000, 0x0000000706300000|  0%| F|  |TAMS 0x0000000706200000, 0x0000000706200000| Untracked 
|  79|0x0000000706300000, 0x0000000706300000, 0x0000000706400000|  0%| F|  |TAMS 0x0000000706300000, 0x0000000706300000| Untracked 
|  80|0x0000000706400000, 0x0000000706400000, 0x0000000706500000|  0%| F|  |TAMS 0x0000000706400000, 0x0000000706400000| Untracked 
|  81|0x0000000706500000, 0x0000000706500000, 0x0000000706600000|  0%| F|  |TAMS 0x0000000706500000, 0x0000000706500000| Untracked 
|  82|0x0000000706600000, 0x0000000706600000, 0x0000000706700000|  0%| F|  |TAMS 0x0000000706600000, 0x0000000706600000| Untracked 
|  83|0x0000000706700000, 0x0000000706700000, 0x0000000706800000|  0%| F|  |TAMS 0x0000000706700000, 0x0000000706700000| Untracked 
|  84|0x0000000706800000, 0x0000000706800000, 0x0000000706900000|  0%| F|  |TAMS 0x0000000706800000, 0x0000000706800000| Untracked 
|  85|0x0000000706900000, 0x0000000706900000, 0x0000000706a00000|  0%| F|  |TAMS 0x0000000706900000, 0x0000000706900000| Untracked 
|  86|0x0000000706a00000, 0x0000000706a00000, 0x0000000706b00000|  0%| F|  |TAMS 0x0000000706a00000, 0x0000000706a00000| Untracked 
|  87|0x0000000706b00000, 0x0000000706b00000, 0x0000000706c00000|  0%| F|  |TAMS 0x0000000706b00000, 0x0000000706b00000| Untracked 
|  88|0x0000000706c00000, 0x0000000706c00000, 0x0000000706d00000|  0%| F|  |TAMS 0x0000000706c00000, 0x0000000706c00000| Untracked 
|  89|0x0000000706d00000, 0x0000000706d00000, 0x0000000706e00000|  0%| F|  |TAMS 0x0000000706d00000, 0x0000000706d00000| Untracked 
|  90|0x0000000706e00000, 0x0000000706e00000, 0x0000000706f00000|  0%| F|  |TAMS 0x0000000706e00000, 0x0000000706e00000| Untracked 
|  91|0x0000000706f00000, 0x0000000706f00000, 0x0000000707000000|  0%| F|  |TAMS 0x0000000706f00000, 0x0000000706f00000| Untracked 
|  92|0x0000000707000000, 0x0000000707000000, 0x0000000707100000|  0%| F|  |TAMS 0x0000000707000000, 0x0000000707000000| Untracked 
|  93|0x0000000707100000, 0x0000000707100000, 0x0000000707200000|  0%| F|  |TAMS 0x0000000707100000, 0x0000000707100000| Untracked 
|  94|0x0000000707200000, 0x0000000707200000, 0x0000000707300000|  0%| F|  |TAMS 0x0000000707200000, 0x0000000707200000| Untracked 
|  95|0x0000000707300000, 0x0000000707300000, 0x0000000707400000|  0%| F|  |TAMS 0x0000000707300000, 0x0000000707300000| Untracked 
|  96|0x0000000707400000, 0x0000000707400000, 0x0000000707500000|  0%| F|  |TAMS 0x0000000707400000, 0x0000000707400000| Untracked 
|  97|0x0000000707500000, 0x0000000707500000, 0x0000000707600000|  0%| F|  |TAMS 0x0000000707500000, 0x0000000707500000| Untracked 
|  98|0x0000000707600000, 0x0000000707600000, 0x0000000707700000|  0%| F|  |TAMS 0x0000000707600000, 0x0000000707600000| Untracked 
|  99|0x0000000707700000, 0x0000000707700000, 0x0000000707800000|  0%| F|  |TAMS 0x0000000707700000, 0x0000000707700000| Untracked 
| 100|0x0000000707800000, 0x0000000707800000, 0x0000000707900000|  0%| F|  |TAMS 0x0000000707800000, 0x0000000707800000| Untracked 
| 101|0x0000000707900000, 0x0000000707900000, 0x0000000707a00000|  0%| F|  |TAMS 0x0000000707900000, 0x0000000707900000| Untracked 
| 102|0x0000000707a00000, 0x0000000707a00000, 0x0000000707b00000|  0%| F|  |TAMS 0x0000000707a00000, 0x0000000707a00000| Untracked 
| 103|0x0000000707b00000, 0x0000000707b00000, 0x0000000707c00000|  0%| F|  |TAMS 0x0000000707b00000, 0x0000000707b00000| Untracked 
| 104|0x0000000707c00000, 0x0000000707c00000, 0x0000000707d00000|  0%| F|  |TAMS 0x0000000707c00000, 0x0000000707c00000| Untracked 
| 105|0x0000000707d00000, 0x0000000707d00000, 0x0000000707e00000|  0%| F|  |TAMS 0x0000000707d00000, 0x0000000707d00000| Untracked 
| 106|0x0000000707e00000, 0x0000000707e00000, 0x0000000707f00000|  0%| F|  |TAMS 0x0000000707e00000, 0x0000000707e00000| Untracked 
| 107|0x0000000707f00000, 0x0000000707f00000, 0x0000000708000000|  0%| F|  |TAMS 0x0000000707f00000, 0x0000000707f00000| Untracked 
| 108|0x0000000708000000, 0x0000000708000000, 0x0000000708100000|  0%| F|  |TAMS 0x0000000708000000, 0x0000000708000000| Untracked 
| 109|0x0000000708100000, 0x0000000708100000, 0x0000000708200000|  0%| F|  |TAMS 0x0000000708100000, 0x0000000708100000| Untracked 
| 110|0x0000000708200000, 0x0000000708200000, 0x0000000708300000|  0%| F|  |TAMS 0x0000000708200000, 0x0000000708200000| Untracked 
| 111|0x0000000708300000, 0x0000000708300000, 0x0000000708400000|  0%| F|  |TAMS 0x0000000708300000, 0x0000000708300000| Untracked 
| 112|0x0000000708400000, 0x0000000708400000, 0x0000000708500000|  0%| F|  |TAMS 0x0000000708400000, 0x0000000708400000| Untracked 
| 113|0x0000000708500000, 0x0000000708500000, 0x0000000708600000|  0%| F|  |TAMS 0x0000000708500000, 0x0000000708500000| Untracked 
| 114|0x0000000708600000, 0x0000000708600000, 0x0000000708700000|  0%| F|  |TAMS 0x0000000708600000, 0x0000000708600000| Untracked 
| 115|0x0000000708700000, 0x0000000708700000, 0x0000000708800000|  0%| F|  |TAMS 0x0000000708700000, 0x0000000708700000| Untracked 
| 116|0x0000000708800000, 0x0000000708800000, 0x0000000708900000|  0%| F|  |TAMS 0x0000000708800000, 0x0000000708800000| Untracked 
| 117|0x0000000708900000, 0x0000000708900000, 0x0000000708a00000|  0%| F|  |TAMS 0x0000000708900000, 0x0000000708900000| Untracked 
| 118|0x0000000708a00000, 0x0000000708a00000, 0x0000000708b00000|  0%| F|  |TAMS 0x0000000708a00000, 0x0000000708a00000| Untracked 
| 119|0x0000000708b00000, 0x0000000708b00000, 0x0000000708c00000|  0%| F|  |TAMS 0x0000000708b00000, 0x0000000708b00000| Untracked 
| 120|0x0000000708c00000, 0x0000000708c00000, 0x0000000708d00000|  0%| F|  |TAMS 0x0000000708c00000, 0x0000000708c00000| Untracked 
| 121|0x0000000708d00000, 0x0000000708d00000, 0x0000000708e00000|  0%| F|  |TAMS 0x0000000708d00000, 0x0000000708d00000| Untracked 
| 122|0x0000000708e00000, 0x0000000708e00000, 0x0000000708f00000|  0%| F|  |TAMS 0x0000000708e00000, 0x0000000708e00000| Untracked 
| 123|0x0000000708f00000, 0x0000000708f00000, 0x0000000709000000|  0%| F|  |TAMS 0x0000000708f00000, 0x0000000708f00000| Untracked 
| 124|0x0000000709000000, 0x0000000709000000, 0x0000000709100000|  0%| F|  |TAMS 0x0000000709000000, 0x0000000709000000| Untracked 
| 125|0x0000000709100000, 0x0000000709100000, 0x0000000709200000|  0%| F|  |TAMS 0x0000000709100000, 0x0000000709100000| Untracked 
| 126|0x0000000709200000, 0x0000000709200000, 0x0000000709300000|  0%| F|  |TAMS 0x0000000709200000, 0x0000000709200000| Untracked 
| 127|0x0000000709300000, 0x0000000709300000, 0x0000000709400000|  0%| F|  |TAMS 0x0000000709300000, 0x0000000709300000| Untracked 
| 128|0x0000000709400000, 0x0000000709400000, 0x0000000709500000|  0%| F|  |TAMS 0x0000000709400000, 0x0000000709400000| Untracked 
| 129|0x0000000709500000, 0x0000000709500000, 0x0000000709600000|  0%| F|  |TAMS 0x0000000709500000, 0x0000000709500000| Untracked 
| 130|0x0000000709600000, 0x0000000709600000, 0x0000000709700000|  0%| F|  |TAMS 0x0000000709600000, 0x0000000709600000| Untracked 
| 131|0x0000000709700000, 0x0000000709700000, 0x0000000709800000|  0%| F|  |TAMS 0x0000000709700000, 0x0000000709700000| Untracked 
| 132|0x0000000709800000, 0x0000000709800000, 0x0000000709900000|  0%| F|  |TAMS 0x0000000709800000, 0x0000000709800000| Untracked 
| 133|0x0000000709900000, 0x0000000709900000, 0x0000000709a00000|  0%| F|  |TAMS 0x0000000709900000, 0x0000000709900000| Untracked 
| 134|0x0000000709a00000, 0x0000000709a00000, 0x0000000709b00000|  0%| F|  |TAMS 0x0000000709a00000, 0x0000000709a00000| Untracked 
| 135|0x0000000709b00000, 0x0000000709b00000, 0x0000000709c00000|  0%| F|  |TAMS 0x0000000709b00000, 0x0000000709b00000| Untracked 
| 136|0x0000000709c00000, 0x0000000709c00000, 0x0000000709d00000|  0%| F|  |TAMS 0x0000000709c00000, 0x0000000709c00000| Untracked 
| 137|0x0000000709d00000, 0x0000000709d00000, 0x0000000709e00000|  0%| F|  |TAMS 0x0000000709d00000, 0x0000000709d00000| Untracked 
| 138|0x0000000709e00000, 0x0000000709e00000, 0x0000000709f00000|  0%| F|  |TAMS 0x0000000709e00000, 0x0000000709e00000| Untracked 
| 139|0x0000000709f00000, 0x0000000709f00000, 0x000000070a000000|  0%| F|  |TAMS 0x0000000709f00000, 0x0000000709f00000| Untracked 
| 140|0x000000070a000000, 0x000000070a000000, 0x000000070a100000|  0%| F|  |TAMS 0x000000070a000000, 0x000000070a000000| Untracked 
| 141|0x000000070a100000, 0x000000070a100000, 0x000000070a200000|  0%| F|  |TAMS 0x000000070a100000, 0x000000070a100000| Untracked 
| 142|0x000000070a200000, 0x000000070a200000, 0x000000070a300000|  0%| F|  |TAMS 0x000000070a200000, 0x000000070a200000| Untracked 
| 143|0x000000070a300000, 0x000000070a300000, 0x000000070a400000|  0%| F|  |TAMS 0x000000070a300000, 0x000000070a300000| Untracked 
| 144|0x000000070a400000, 0x000000070a400000, 0x000000070a500000|  0%| F|  |TAMS 0x000000070a400000, 0x000000070a400000| Untracked 
| 145|0x000000070a500000, 0x000000070a500000, 0x000000070a600000|  0%| F|  |TAMS 0x000000070a500000, 0x000000070a500000| Untracked 
| 146|0x000000070a600000, 0x000000070a600000, 0x000000070a700000|  0%| F|  |TAMS 0x000000070a600000, 0x000000070a600000| Untracked 
| 147|0x000000070a700000, 0x000000070a700000, 0x000000070a800000|  0%| F|  |TAMS 0x000000070a700000, 0x000000070a700000| Untracked 
| 148|0x000000070a800000, 0x000000070a800000, 0x000000070a900000|  0%| F|  |TAMS 0x000000070a800000, 0x000000070a800000| Untracked 
| 149|0x000000070a900000, 0x000000070a900000, 0x000000070aa00000|  0%| F|  |TAMS 0x000000070a900000, 0x000000070a900000| Untracked 
| 150|0x000000070aa00000, 0x000000070aa00000, 0x000000070ab00000|  0%| F|  |TAMS 0x000000070aa00000, 0x000000070aa00000| Untracked 
| 151|0x000000070ab00000, 0x000000070ab00000, 0x000000070ac00000|  0%| F|  |TAMS 0x000000070ab00000, 0x000000070ab00000| Untracked 
| 152|0x000000070ac00000, 0x000000070ac00000, 0x000000070ad00000|  0%| F|  |TAMS 0x000000070ac00000, 0x000000070ac00000| Untracked 
| 153|0x000000070ad00000, 0x000000070ad00000, 0x000000070ae00000|  0%| F|  |TAMS 0x000000070ad00000, 0x000000070ad00000| Untracked 
| 154|0x000000070ae00000, 0x000000070ae00000, 0x000000070af00000|  0%| F|  |TAMS 0x000000070ae00000, 0x000000070ae00000| Untracked 
| 155|0x000000070af00000, 0x000000070af00000, 0x000000070b000000|  0%| F|  |TAMS 0x000000070af00000, 0x000000070af00000| Untracked 
| 156|0x000000070b000000, 0x000000070b000000, 0x000000070b100000|  0%| F|  |TAMS 0x000000070b000000, 0x000000070b000000| Untracked 
| 157|0x000000070b100000, 0x000000070b100000, 0x000000070b200000|  0%| F|  |TAMS 0x000000070b100000, 0x000000070b100000| Untracked 
| 158|0x000000070b200000, 0x000000070b200000, 0x000000070b300000|  0%| F|  |TAMS 0x000000070b200000, 0x000000070b200000| Untracked 
| 159|0x000000070b300000, 0x000000070b300000, 0x000000070b400000|  0%| F|  |TAMS 0x000000070b300000, 0x000000070b300000| Untracked 
| 160|0x000000070b400000, 0x000000070b400000, 0x000000070b500000|  0%| F|  |TAMS 0x000000070b400000, 0x000000070b400000| Untracked 
| 161|0x000000070b500000, 0x000000070b500000, 0x000000070b600000|  0%| F|  |TAMS 0x000000070b500000, 0x000000070b500000| Untracked 
| 162|0x000000070b600000, 0x000000070b600000, 0x000000070b700000|  0%| F|  |TAMS 0x000000070b600000, 0x000000070b600000| Untracked 
| 163|0x000000070b700000, 0x000000070b700000, 0x000000070b800000|  0%| F|  |TAMS 0x000000070b700000, 0x000000070b700000| Untracked 
| 164|0x000000070b800000, 0x000000070b800000, 0x000000070b900000|  0%| F|  |TAMS 0x000000070b800000, 0x000000070b800000| Untracked 
| 165|0x000000070b900000, 0x000000070b900000, 0x000000070ba00000|  0%| F|  |TAMS 0x000000070b900000, 0x000000070b900000| Untracked 
| 166|0x000000070ba00000, 0x000000070ba00000, 0x000000070bb00000|  0%| F|  |TAMS 0x000000070ba00000, 0x000000070ba00000| Untracked 
| 167|0x000000070bb00000, 0x000000070bb00000, 0x000000070bc00000|  0%| F|  |TAMS 0x000000070bb00000, 0x000000070bb00000| Untracked 
| 168|0x000000070bc00000, 0x000000070bc00000, 0x000000070bd00000|  0%| F|  |TAMS 0x000000070bc00000, 0x000000070bc00000| Untracked 
| 169|0x000000070bd00000, 0x000000070bd00000, 0x000000070be00000|  0%| F|  |TAMS 0x000000070bd00000, 0x000000070bd00000| Untracked 
| 170|0x000000070be00000, 0x000000070be00000, 0x000000070bf00000|  0%| F|  |TAMS 0x000000070be00000, 0x000000070be00000| Untracked 
| 171|0x000000070bf00000, 0x000000070bf00000, 0x000000070c000000|  0%| F|  |TAMS 0x000000070bf00000, 0x000000070bf00000| Untracked 
| 172|0x000000070c000000, 0x000000070c000000, 0x000000070c100000|  0%| F|  |TAMS 0x000000070c000000, 0x000000070c000000| Untracked 
| 173|0x000000070c100000, 0x000000070c100000, 0x000000070c200000|  0%| F|  |TAMS 0x000000070c100000, 0x000000070c100000| Untracked 
| 174|0x000000070c200000, 0x000000070c200000, 0x000000070c300000|  0%| F|  |TAMS 0x000000070c200000, 0x000000070c200000| Untracked 
| 175|0x000000070c300000, 0x000000070c300000, 0x000000070c400000|  0%| F|  |TAMS 0x000000070c300000, 0x000000070c300000| Untracked 
| 176|0x000000070c400000, 0x000000070c400000, 0x000000070c500000|  0%| F|  |TAMS 0x000000070c400000, 0x000000070c400000| Untracked 
| 177|0x000000070c500000, 0x000000070c500000, 0x000000070c600000|  0%| F|  |TAMS 0x000000070c500000, 0x000000070c500000| Untracked 
| 178|0x000000070c600000, 0x000000070c600000, 0x000000070c700000|  0%| F|  |TAMS 0x000000070c600000, 0x000000070c600000| Untracked 
| 179|0x000000070c700000, 0x000000070c700000, 0x000000070c800000|  0%| F|  |TAMS 0x000000070c700000, 0x000000070c700000| Untracked 
| 180|0x000000070c800000, 0x000000070c800000, 0x000000070c900000|  0%| F|  |TAMS 0x000000070c800000, 0x000000070c800000| Untracked 
| 181|0x000000070c900000, 0x000000070c900000, 0x000000070ca00000|  0%| F|  |TAMS 0x000000070c900000, 0x000000070c900000| Untracked 
| 182|0x000000070ca00000, 0x000000070ca00000, 0x000000070cb00000|  0%| F|  |TAMS 0x000000070ca00000, 0x000000070ca00000| Untracked 
| 183|0x000000070cb00000, 0x000000070cb00000, 0x000000070cc00000|  0%| F|  |TAMS 0x000000070cb00000, 0x000000070cb00000| Untracked 
| 184|0x000000070cc00000, 0x000000070cc00000, 0x000000070cd00000|  0%| F|  |TAMS 0x000000070cc00000, 0x000000070cc00000| Untracked 
| 185|0x000000070cd00000, 0x000000070cd00000, 0x000000070ce00000|  0%| F|  |TAMS 0x000000070cd00000, 0x000000070cd00000| Untracked 
| 186|0x000000070ce00000, 0x000000070ce00000, 0x000000070cf00000|  0%| F|  |TAMS 0x000000070ce00000, 0x000000070ce00000| Untracked 
| 187|0x000000070cf00000, 0x000000070cf00000, 0x000000070d000000|  0%| F|  |TAMS 0x000000070cf00000, 0x000000070cf00000| Untracked 
| 188|0x000000070d000000, 0x000000070d000000, 0x000000070d100000|  0%| F|  |TAMS 0x000000070d000000, 0x000000070d000000| Untracked 
| 189|0x000000070d100000, 0x000000070d100000, 0x000000070d200000|  0%| F|  |TAMS 0x000000070d100000, 0x000000070d100000| Untracked 
| 190|0x000000070d200000, 0x000000070d200000, 0x000000070d300000|  0%| F|  |TAMS 0x000000070d200000, 0x000000070d200000| Untracked 
| 191|0x000000070d300000, 0x000000070d300000, 0x000000070d400000|  0%| F|  |TAMS 0x000000070d300000, 0x000000070d300000| Untracked 
| 192|0x000000070d400000, 0x000000070d400000, 0x000000070d500000|  0%| F|  |TAMS 0x000000070d400000, 0x000000070d400000| Untracked 
| 193|0x000000070d500000, 0x000000070d500000, 0x000000070d600000|  0%| F|  |TAMS 0x000000070d500000, 0x000000070d500000| Untracked 
| 194|0x000000070d600000, 0x000000070d600000, 0x000000070d700000|  0%| F|  |TAMS 0x000000070d600000, 0x000000070d600000| Untracked 
| 195|0x000000070d700000, 0x000000070d700000, 0x000000070d800000|  0%| F|  |TAMS 0x000000070d700000, 0x000000070d700000| Untracked 
| 196|0x000000070d800000, 0x000000070d8ffd68, 0x000000070d900000| 99%| S|CS|TAMS 0x000000070d800000, 0x000000070d800000| Complete 
| 197|0x000000070d900000, 0x000000070da00000, 0x000000070da00000|100%| S|CS|TAMS 0x000000070d900000, 0x000000070d900000| Complete 
| 198|0x000000070da00000, 0x000000070db00000, 0x000000070db00000|100%| S|CS|TAMS 0x000000070da00000, 0x000000070da00000| Complete 
| 199|0x000000070db00000, 0x000000070dc00000, 0x000000070dc00000|100%| S|CS|TAMS 0x000000070db00000, 0x000000070db00000| Complete 
| 200|0x000000070dc00000, 0x000000070dd00000, 0x000000070dd00000|100%| S|CS|TAMS 0x000000070dc00000, 0x000000070dc00000| Complete 
| 201|0x000000070dd00000, 0x000000070de00000, 0x000000070de00000|100%| S|CS|TAMS 0x000000070dd00000, 0x000000070dd00000| Complete 
| 202|0x000000070de00000, 0x000000070df00000, 0x000000070df00000|100%| S|CS|TAMS 0x000000070de00000, 0x000000070de00000| Complete 
| 203|0x000000070df00000, 0x000000070e000000, 0x000000070e000000|100%| S|CS|TAMS 0x000000070df00000, 0x000000070df00000| Complete 
| 204|0x000000070e000000, 0x000000070e100000, 0x000000070e100000|100%| S|CS|TAMS 0x000000070e000000, 0x000000070e000000| Complete 
| 205|0x000000070e100000, 0x000000070e200000, 0x000000070e200000|100%| S|CS|TAMS 0x000000070e100000, 0x000000070e100000| Complete 
| 206|0x000000070e200000, 0x000000070e300000, 0x000000070e300000|100%| S|CS|TAMS 0x000000070e200000, 0x000000070e200000| Complete 
| 207|0x000000070e300000, 0x000000070e400000, 0x000000070e400000|100%| S|CS|TAMS 0x000000070e300000, 0x000000070e300000| Complete 
| 208|0x000000070e400000, 0x000000070e400000, 0x000000070e500000|  0%| F|  |TAMS 0x000000070e400000, 0x000000070e400000| Untracked 
| 209|0x000000070e500000, 0x000000070e500000, 0x000000070e600000|  0%| F|  |TAMS 0x000000070e500000, 0x000000070e500000| Untracked 
| 210|0x000000070e600000, 0x000000070e600000, 0x000000070e700000|  0%| F|  |TAMS 0x000000070e600000, 0x000000070e600000| Untracked 
| 211|0x000000070e700000, 0x000000070e700000, 0x000000070e800000|  0%| F|  |TAMS 0x000000070e700000, 0x000000070e700000| Untracked 
| 212|0x000000070e800000, 0x000000070e800000, 0x000000070e900000|  0%| F|  |TAMS 0x000000070e800000, 0x000000070e800000| Untracked 
| 213|0x000000070e900000, 0x000000070e900000, 0x000000070ea00000|  0%| F|  |TAMS 0x000000070e900000, 0x000000070e900000| Untracked 
| 214|0x000000070ea00000, 0x000000070ea00000, 0x000000070eb00000|  0%| F|  |TAMS 0x000000070ea00000, 0x000000070ea00000| Untracked 
| 215|0x000000070eb00000, 0x000000070eb00000, 0x000000070ec00000|  0%| F|  |TAMS 0x000000070eb00000, 0x000000070eb00000| Untracked 
| 216|0x000000070ec00000, 0x000000070ec00000, 0x000000070ed00000|  0%| F|  |TAMS 0x000000070ec00000, 0x000000070ec00000| Untracked 
| 217|0x000000070ed00000, 0x000000070ed00000, 0x000000070ee00000|  0%| F|  |TAMS 0x000000070ed00000, 0x000000070ed00000| Untracked 
| 218|0x000000070ee00000, 0x000000070ee00000, 0x000000070ef00000|  0%| F|  |TAMS 0x000000070ee00000, 0x000000070ee00000| Untracked 
| 219|0x000000070ef00000, 0x000000070ef00000, 0x000000070f000000|  0%| F|  |TAMS 0x000000070ef00000, 0x000000070ef00000| Untracked 
| 220|0x000000070f000000, 0x000000070f000000, 0x000000070f100000|  0%| F|  |TAMS 0x000000070f000000, 0x000000070f000000| Untracked 
| 221|0x000000070f100000, 0x000000070f100000, 0x000000070f200000|  0%| F|  |TAMS 0x000000070f100000, 0x000000070f100000| Untracked 
| 222|0x000000070f200000, 0x000000070f200000, 0x000000070f300000|  0%| F|  |TAMS 0x000000070f200000, 0x000000070f200000| Untracked 
| 223|0x000000070f300000, 0x000000070f300000, 0x000000070f400000|  0%| F|  |TAMS 0x000000070f300000, 0x000000070f300000| Untracked 
| 224|0x000000070f400000, 0x000000070f400000, 0x000000070f500000|  0%| F|  |TAMS 0x000000070f400000, 0x000000070f400000| Untracked 
| 225|0x000000070f500000, 0x000000070f500000, 0x000000070f600000|  0%| F|  |TAMS 0x000000070f500000, 0x000000070f500000| Untracked 
| 226|0x000000070f600000, 0x000000070f600000, 0x000000070f700000|  0%| F|  |TAMS 0x000000070f600000, 0x000000070f600000| Untracked 
| 227|0x000000070f700000, 0x000000070f700000, 0x000000070f800000|  0%| F|  |TAMS 0x000000070f700000, 0x000000070f700000| Untracked 
| 228|0x000000070f800000, 0x000000070f800000, 0x000000070f900000|  0%| F|  |TAMS 0x000000070f800000, 0x000000070f800000| Untracked 
| 229|0x000000070f900000, 0x000000070f900000, 0x000000070fa00000|  0%| F|  |TAMS 0x000000070f900000, 0x000000070f900000| Untracked 
| 230|0x000000070fa00000, 0x000000070fa00000, 0x000000070fb00000|  0%| F|  |TAMS 0x000000070fa00000, 0x000000070fa00000| Untracked 
| 231|0x000000070fb00000, 0x000000070fb00000, 0x000000070fc00000|  0%| F|  |TAMS 0x000000070fb00000, 0x000000070fb00000| Untracked 
| 232|0x000000070fc00000, 0x000000070fc00000, 0x000000070fd00000|  0%| F|  |TAMS 0x000000070fc00000, 0x000000070fc00000| Untracked 
| 233|0x000000070fd00000, 0x000000070fd00000, 0x000000070fe00000|  0%| F|  |TAMS 0x000000070fd00000, 0x000000070fd00000| Untracked 
| 234|0x000000070fe00000, 0x000000070fe00000, 0x000000070ff00000|  0%| F|  |TAMS 0x000000070fe00000, 0x000000070fe00000| Untracked 
| 235|0x000000070ff00000, 0x000000070ff00000, 0x0000000710000000|  0%| F|  |TAMS 0x000000070ff00000, 0x000000070ff00000| Untracked 
| 236|0x0000000710000000, 0x0000000710000000, 0x0000000710100000|  0%| F|  |TAMS 0x0000000710000000, 0x0000000710000000| Untracked 
| 237|0x0000000710100000, 0x0000000710100000, 0x0000000710200000|  0%| F|  |TAMS 0x0000000710100000, 0x0000000710100000| Untracked 
| 238|0x0000000710200000, 0x0000000710200000, 0x0000000710300000|  0%| F|  |TAMS 0x0000000710200000, 0x0000000710200000| Untracked 
| 239|0x0000000710300000, 0x0000000710300000, 0x0000000710400000|  0%| F|  |TAMS 0x0000000710300000, 0x0000000710300000| Untracked 
| 240|0x0000000710400000, 0x0000000710400000, 0x0000000710500000|  0%| F|  |TAMS 0x0000000710400000, 0x0000000710400000| Untracked 
| 241|0x0000000710500000, 0x0000000710500000, 0x0000000710600000|  0%| F|  |TAMS 0x0000000710500000, 0x0000000710500000| Untracked 
| 242|0x0000000710600000, 0x0000000710600000, 0x0000000710700000|  0%| F|  |TAMS 0x0000000710600000, 0x0000000710600000| Untracked 
| 243|0x0000000710700000, 0x0000000710700000, 0x0000000710800000|  0%| F|  |TAMS 0x0000000710700000, 0x0000000710700000| Untracked 
| 244|0x0000000710800000, 0x0000000710800000, 0x0000000710900000|  0%| F|  |TAMS 0x0000000710800000, 0x0000000710800000| Untracked 
| 245|0x0000000710900000, 0x0000000710900000, 0x0000000710a00000|  0%| F|  |TAMS 0x0000000710900000, 0x0000000710900000| Untracked 
| 246|0x0000000710a00000, 0x0000000710a00000, 0x0000000710b00000|  0%| F|  |TAMS 0x0000000710a00000, 0x0000000710a00000| Untracked 
| 247|0x0000000710b00000, 0x0000000710b00000, 0x0000000710c00000|  0%| F|  |TAMS 0x0000000710b00000, 0x0000000710b00000| Untracked 
| 248|0x0000000710c00000, 0x0000000710c00000, 0x0000000710d00000|  0%| F|  |TAMS 0x0000000710c00000, 0x0000000710c00000| Untracked 
| 249|0x0000000710d00000, 0x0000000710d00000, 0x0000000710e00000|  0%| F|  |TAMS 0x0000000710d00000, 0x0000000710d00000| Untracked 
| 250|0x0000000710e00000, 0x0000000710e00000, 0x0000000710f00000|  0%| F|  |TAMS 0x0000000710e00000, 0x0000000710e00000| Untracked 
| 251|0x0000000710f00000, 0x0000000710f00000, 0x0000000711000000|  0%| F|  |TAMS 0x0000000710f00000, 0x0000000710f00000| Untracked 
| 252|0x0000000711000000, 0x0000000711000000, 0x0000000711100000|  0%| F|  |TAMS 0x0000000711000000, 0x0000000711000000| Untracked 
| 253|0x0000000711100000, 0x0000000711100000, 0x0000000711200000|  0%| F|  |TAMS 0x0000000711100000, 0x0000000711100000| Untracked 
| 254|0x0000000711200000, 0x0000000711200000, 0x0000000711300000|  0%| F|  |TAMS 0x0000000711200000, 0x0000000711200000| Untracked 
| 255|0x0000000711300000, 0x0000000711300000, 0x0000000711400000|  0%| F|  |TAMS 0x0000000711300000, 0x0000000711300000| Untracked 
| 256|0x0000000711400000, 0x0000000711400000, 0x0000000711500000|  0%| F|  |TAMS 0x0000000711400000, 0x0000000711400000| Untracked 
| 257|0x0000000711500000, 0x0000000711500000, 0x0000000711600000|  0%| F|  |TAMS 0x0000000711500000, 0x0000000711500000| Untracked 
| 258|0x0000000711600000, 0x0000000711600000, 0x0000000711700000|  0%| F|  |TAMS 0x0000000711600000, 0x0000000711600000| Untracked 
| 259|0x0000000711700000, 0x0000000711700000, 0x0000000711800000|  0%| F|  |TAMS 0x0000000711700000, 0x0000000711700000| Untracked 
| 260|0x0000000711800000, 0x0000000711800000, 0x0000000711900000|  0%| F|  |TAMS 0x0000000711800000, 0x0000000711800000| Untracked 
| 261|0x0000000711900000, 0x0000000711900000, 0x0000000711a00000|  0%| F|  |TAMS 0x0000000711900000, 0x0000000711900000| Untracked 
| 262|0x0000000711a00000, 0x0000000711a00000, 0x0000000711b00000|  0%| F|  |TAMS 0x0000000711a00000, 0x0000000711a00000| Untracked 
| 263|0x0000000711b00000, 0x0000000711b00000, 0x0000000711c00000|  0%| F|  |TAMS 0x0000000711b00000, 0x0000000711b00000| Untracked 
| 264|0x0000000711c00000, 0x0000000711c00000, 0x0000000711d00000|  0%| F|  |TAMS 0x0000000711c00000, 0x0000000711c00000| Untracked 
| 265|0x0000000711d00000, 0x0000000711d00000, 0x0000000711e00000|  0%| F|  |TAMS 0x0000000711d00000, 0x0000000711d00000| Untracked 
| 266|0x0000000711e00000, 0x0000000711e00000, 0x0000000711f00000|  0%| F|  |TAMS 0x0000000711e00000, 0x0000000711e00000| Untracked 
| 267|0x0000000711f00000, 0x0000000711f00000, 0x0000000712000000|  0%| F|  |TAMS 0x0000000711f00000, 0x0000000711f00000| Untracked 
| 268|0x0000000712000000, 0x0000000712000000, 0x0000000712100000|  0%| F|  |TAMS 0x0000000712000000, 0x0000000712000000| Untracked 
| 269|0x0000000712100000, 0x0000000712100000, 0x0000000712200000|  0%| F|  |TAMS 0x0000000712100000, 0x0000000712100000| Untracked 
| 270|0x0000000712200000, 0x0000000712200000, 0x0000000712300000|  0%| F|  |TAMS 0x0000000712200000, 0x0000000712200000| Untracked 
| 271|0x0000000712300000, 0x0000000712300000, 0x0000000712400000|  0%| F|  |TAMS 0x0000000712300000, 0x0000000712300000| Untracked 
| 272|0x0000000712400000, 0x0000000712400000, 0x0000000712500000|  0%| F|  |TAMS 0x0000000712400000, 0x0000000712400000| Untracked 
| 273|0x0000000712500000, 0x0000000712500000, 0x0000000712600000|  0%| F|  |TAMS 0x0000000712500000, 0x0000000712500000| Untracked 
| 274|0x0000000712600000, 0x0000000712600000, 0x0000000712700000|  0%| F|  |TAMS 0x0000000712600000, 0x0000000712600000| Untracked 
| 275|0x0000000712700000, 0x0000000712700000, 0x0000000712800000|  0%| F|  |TAMS 0x0000000712700000, 0x0000000712700000| Untracked 
| 276|0x0000000712800000, 0x0000000712800000, 0x0000000712900000|  0%| F|  |TAMS 0x0000000712800000, 0x0000000712800000| Untracked 
| 277|0x0000000712900000, 0x0000000712900000, 0x0000000712a00000|  0%| F|  |TAMS 0x0000000712900000, 0x0000000712900000| Untracked 
| 278|0x0000000712a00000, 0x0000000712a00000, 0x0000000712b00000|  0%| F|  |TAMS 0x0000000712a00000, 0x0000000712a00000| Untracked 
| 279|0x0000000712b00000, 0x0000000712b00000, 0x0000000712c00000|  0%| F|  |TAMS 0x0000000712b00000, 0x0000000712b00000| Untracked 
| 280|0x0000000712c00000, 0x0000000712c00000, 0x0000000712d00000|  0%| F|  |TAMS 0x0000000712c00000, 0x0000000712c00000| Untracked 
| 281|0x0000000712d00000, 0x0000000712d00000, 0x0000000712e00000|  0%| F|  |TAMS 0x0000000712d00000, 0x0000000712d00000| Untracked 
| 282|0x0000000712e00000, 0x0000000712e00000, 0x0000000712f00000|  0%| F|  |TAMS 0x0000000712e00000, 0x0000000712e00000| Untracked 
| 283|0x0000000712f00000, 0x0000000712f00000, 0x0000000713000000|  0%| F|  |TAMS 0x0000000712f00000, 0x0000000712f00000| Untracked 
| 284|0x0000000713000000, 0x0000000713000000, 0x0000000713100000|  0%| F|  |TAMS 0x0000000713000000, 0x0000000713000000| Untracked 
| 285|0x0000000713100000, 0x0000000713100000, 0x0000000713200000|  0%| F|  |TAMS 0x0000000713100000, 0x0000000713100000| Untracked 
| 286|0x0000000713200000, 0x0000000713200000, 0x0000000713300000|  0%| F|  |TAMS 0x0000000713200000, 0x0000000713200000| Untracked 
| 287|0x0000000713300000, 0x0000000713300000, 0x0000000713400000|  0%| F|  |TAMS 0x0000000713300000, 0x0000000713300000| Untracked 
| 288|0x0000000713400000, 0x0000000713400000, 0x0000000713500000|  0%| F|  |TAMS 0x0000000713400000, 0x0000000713400000| Untracked 
| 289|0x0000000713500000, 0x0000000713500000, 0x0000000713600000|  0%| F|  |TAMS 0x0000000713500000, 0x0000000713500000| Untracked 
| 290|0x0000000713600000, 0x0000000713600000, 0x0000000713700000|  0%| F|  |TAMS 0x0000000713600000, 0x0000000713600000| Untracked 
| 291|0x0000000713700000, 0x0000000713700000, 0x0000000713800000|  0%| F|  |TAMS 0x0000000713700000, 0x0000000713700000| Untracked 
| 292|0x0000000713800000, 0x0000000713800000, 0x0000000713900000|  0%| F|  |TAMS 0x0000000713800000, 0x0000000713800000| Untracked 
| 293|0x0000000713900000, 0x0000000713900000, 0x0000000713a00000|  0%| F|  |TAMS 0x0000000713900000, 0x0000000713900000| Untracked 
| 294|0x0000000713a00000, 0x0000000713a00000, 0x0000000713b00000|  0%| F|  |TAMS 0x0000000713a00000, 0x0000000713a00000| Untracked 
| 295|0x0000000713b00000, 0x0000000713b00000, 0x0000000713c00000|  0%| F|  |TAMS 0x0000000713b00000, 0x0000000713b00000| Untracked 
| 296|0x0000000713c00000, 0x0000000713c00000, 0x0000000713d00000|  0%| F|  |TAMS 0x0000000713c00000, 0x0000000713c00000| Untracked 
| 297|0x0000000713d00000, 0x0000000713e00000, 0x0000000713e00000|100%| E|  |TAMS 0x0000000713d00000, 0x0000000713d00000| Complete 
| 298|0x0000000713e00000, 0x0000000713f00000, 0x0000000713f00000|100%| E|CS|TAMS 0x0000000713e00000, 0x0000000713e00000| Complete 
| 299|0x0000000713f00000, 0x0000000714000000, 0x0000000714000000|100%| E|CS|TAMS 0x0000000713f00000, 0x0000000713f00000| Complete 
| 300|0x0000000714000000, 0x0000000714100000, 0x0000000714100000|100%| E|CS|TAMS 0x0000000714000000, 0x0000000714000000| Complete 
| 301|0x0000000714100000, 0x0000000714200000, 0x0000000714200000|100%| E|CS|TAMS 0x0000000714100000, 0x0000000714100000| Complete 
| 302|0x0000000714200000, 0x0000000714300000, 0x0000000714300000|100%| E|CS|TAMS 0x0000000714200000, 0x0000000714200000| Complete 
| 303|0x0000000714300000, 0x0000000714400000, 0x0000000714400000|100%| E|CS|TAMS 0x0000000714300000, 0x0000000714300000| Complete 
| 304|0x0000000714400000, 0x0000000714500000, 0x0000000714500000|100%| E|CS|TAMS 0x0000000714400000, 0x0000000714400000| Complete 
| 305|0x0000000714500000, 0x0000000714600000, 0x0000000714600000|100%| E|CS|TAMS 0x0000000714500000, 0x0000000714500000| Complete 
| 306|0x0000000714600000, 0x0000000714700000, 0x0000000714700000|100%| E|CS|TAMS 0x0000000714600000, 0x0000000714600000| Complete 
| 307|0x0000000714700000, 0x0000000714800000, 0x0000000714800000|100%| E|CS|TAMS 0x0000000714700000, 0x0000000714700000| Complete 

Card table byte_map: [0x0000021dceef0000,0x0000021dcf6f0000] _byte_map_base: 0x0000021dcb6e6000

Marking Bits (Prev, Next): (CMBitMap*) 0x0000021db9d112d8, (CMBitMap*) 0x0000021db9d11310
 Prev Bits: [0x0000021dcfef0000, 0x0000021dd3ea0000)
 Next Bits: [0x0000021dd3ea0000, 0x0000021dd7e50000)

Polling page: 0x0000021dbf0a0000

Metaspace:

Usage:
  Non-class:     43.32 MB capacity,    42.57 MB ( 98%) used,   607.58 KB (  1%) free+waste,   166.81 KB ( <1%) overhead. 
      Class:      6.25 MB capacity,     5.72 MB ( 92%) used,   459.44 KB (  7%) free+waste,    78.81 KB (  1%) overhead. 
       Both:     49.57 MB capacity,    48.29 MB ( 97%) used,     1.04 MB (  2%) free+waste,   245.63 KB ( <1%) overhead. 

Virtual space:
  Non-class space:       44.00 MB reserved,      43.50 MB ( 99%) committed 
      Class space:        1.00 GB reserved,       6.25 MB ( <1%) committed 
             Both:        1.04 GB reserved,      49.75 MB (  5%) committed 

Chunk freelists:
   Non-Class:  53.00 KB
       Class:  1.00 KB
        Both:  54.00 KB

MaxMetaspaceSize: 17179869184.00 GB
CompressedClassSpaceSize: 1.00 GB
Initial GC threshold: 20.80 MB
Current GC threshold: 58.75 MB
CDS: off

CodeHeap 'non-profiled nmethods': size=120064Kb used=2922Kb max_used=2922Kb free=117141Kb
 bounds [0x0000021dc6b80000, 0x0000021dc6e60000, 0x0000021dce0c0000]
CodeHeap 'profiled nmethods': size=120000Kb used=10593Kb max_used=10593Kb free=109406Kb
 bounds [0x0000021dbf650000, 0x0000021dc00b0000, 0x0000021dc6b80000]
CodeHeap 'non-nmethods': size=5696Kb used=1262Kb max_used=1290Kb free=4433Kb
 bounds [0x0000021dbf0c0000, 0x0000021dbf330000, 0x0000021dbf650000]
 total_blobs=5141 nmethods=4598 adapters=454
 compilation: enabled
              stopped_count=0, restarted_count=0
 full_count=0

Compilation events (20 events):
Event: 24.197 Thread 0x0000021dda512000 nmethod 4440 0x0000021dc004c410 code [0x0000021dc004c6e0, 0x0000021dc004d468]
Event: 24.197 Thread 0x0000021dda512000 4438       1       org.attoparser.ParseStatus::isAutoOpenCloseDone (5 bytes)
Event: 24.197 Thread 0x0000021dda512000 nmethod 4438 0x0000021dc6e53090 code [0x0000021dc6e53240, 0x0000021dc6e532f8]
Event: 24.197 Thread 0x0000021dda512000 4441   !   3       org.thymeleaf.engine.AttributeDefinitions$AttributeDefinitionRepository::getAttribute (161 bytes)
Event: 24.198 Thread 0x0000021dda512000 nmethod 4441 0x0000021dc004d990 code [0x0000021dc004dc20, 0x0000021dc004e8f8]
Event: 24.198 Thread 0x0000021dda512000 4442       3       java.util.jar.Manifest$FastInputStream::fill (38 bytes)
Event: 24.198 Thread 0x0000021dda512000 nmethod 4442 0x0000021dc004ed10 code [0x0000021dc004eee0, 0x0000021dc004f128]
Event: 24.200 Thread 0x0000021dda512000 4443       3       sun.nio.cs.UTF_8$Decoder::decodeArrayLoop (691 bytes)
Event: 24.201 Thread 0x0000021ddb852800 nmethod 4433 0x0000021dc6e53390 code [0x0000021dc6e53540, 0x0000021dc6e53b78]
Event: 24.201 Thread 0x0000021ddb852800 4445       4       org.attoparser.ParsingLocatorUtil::countChar (26 bytes)
Event: 24.202 Thread 0x0000021ddb852800 nmethod 4445 0x0000021dc6e54090 code [0x0000021dc6e54220, 0x0000021dc6e542b8]
Event: 24.202 Thread 0x0000021ddb852800 4432       4       java.lang.StringUTF16::compress (20 bytes)
Event: 24.203 Thread 0x0000021dda512000 nmethod 4443 0x0000021dc004f210 code [0x0000021dc004fbe0, 0x0000021dc0056328]
Event: 24.203 Thread 0x0000021dda512000 4444       3       sun.nio.cs.UTF_8$Decoder::isMalformed3 (45 bytes)
Event: 24.203 Thread 0x0000021ddb852800 nmethod 4432 0x0000021dc6e54410 code [0x0000021dc6e545a0, 0x0000021dc6e547b8]
Event: 24.203 Thread 0x0000021dda512000 nmethod 4444 0x0000021dc0058090 code [0x0000021dc0058240, 0x0000021dc0058458]
Event: 24.207 Thread 0x0000021dda512000 4446       3       java.util.regex.Pattern::nextEscaped (19 bytes)
Event: 24.207 Thread 0x0000021dda512000 nmethod 4446 0x0000021dc0058510 code [0x0000021dc00586c0, 0x0000021dc00587f8]
Event: 24.207 Thread 0x0000021dda512000 4447       3       java.util.regex.Pattern::unread (11 bytes)
Event: 24.207 Thread 0x0000021dda512000 nmethod 4447 0x0000021dc0058910 code [0x0000021dc0058ac0, 0x0000021dc0058bb8]

GC Heap History (12 events):
Event: 0.682 GC heap before
{Heap before GC invocations=0 (full 0):
 garbage-first heap   total 262144K, used 14336K [0x0000000701400000, 0x0000000800000000)
  region size 1024K, 14 young (14336K), 0 survivors (0K)
 Metaspace       used 9598K, capacity 9808K, committed 9984K, reserved 1058816K
  class space    used 865K, capacity 910K, committed 1024K, reserved 1048576K
}
Event: 0.696 GC heap after
{Heap after GC invocations=1 (full 0):
 garbage-first heap   total 262144K, used 4738K [0x0000000701400000, 0x0000000800000000)
  region size 1024K, 2 young (2048K), 2 survivors (2048K)
 Metaspace       used 9598K, capacity 9808K, committed 9984K, reserved 1058816K
  class space    used 865K, capacity 910K, committed 1024K, reserved 1048576K
}
Event: 1.623 GC heap before
{Heap before GC invocations=1 (full 0):
 garbage-first heap   total 262144K, used 52866K [0x0000000701400000, 0x0000000800000000)
  region size 1024K, 51 young (52224K), 2 survivors (2048K)
 Metaspace       used 20714K, capacity 21191K, committed 21248K, reserved 1069056K
  class space    used 2315K, capacity 2503K, committed 2560K, reserved 1048576K
}
Event: 1.630 GC heap after
{Heap after GC invocations=2 (full 0):
 garbage-first heap   total 262144K, used 7217K [0x0000000701400000, 0x0000000800000000)
  region size 1024K, 5 young (5120K), 5 survivors (5120K)
 Metaspace       used 20714K, capacity 21191K, committed 21248K, reserved 1069056K
  class space    used 2315K, capacity 2503K, committed 2560K, reserved 1048576K
}
Event: 2.119 GC heap before
{Heap before GC invocations=3 (full 0):
 garbage-first heap   total 262144K, used 37937K [0x0000000701400000, 0x0000000800000000)
  region size 1024K, 36 young (36864K), 5 survivors (5120K)
 Metaspace       used 24836K, capacity 25474K, committed 25728K, reserved 1071104K
  class space    used 2853K, capacity 3079K, committed 3200K, reserved 1048576K
}
Event: 2.126 GC heap after
{Heap after GC invocations=4 (full 0):
 garbage-first heap   total 262144K, used 8890K [0x0000000701400000, 0x0000000800000000)
  region size 1024K, 5 young (5120K), 5 survivors (5120K)
 Metaspace       used 24836K, capacity 25474K, committed 25728K, reserved 1071104K
  class space    used 2853K, capacity 3079K, committed 3200K, reserved 1048576K
}
Event: 3.267 GC heap before
{Heap before GC invocations=4 (full 0):
 garbage-first heap   total 262144K, used 65210K [0x0000000701400000, 0x0000000800000000)
  region size 1024K, 61 young (62464K), 5 survivors (5120K)
 Metaspace       used 31701K, capacity 32484K, committed 32768K, reserved 1077248K
  class space    used 3675K, capacity 3984K, committed 4096K, reserved 1048576K
}
Event: 3.275 GC heap after
{Heap after GC invocations=5 (full 0):
 garbage-first heap   total 262144K, used 10781K [0x0000000701400000, 0x0000000800000000)
  region size 1024K, 6 young (6144K), 6 survivors (6144K)
 Metaspace       used 31701K, capacity 32484K, committed 32768K, reserved 1077248K
  class space    used 3675K, capacity 3984K, committed 4096K, reserved 1048576K
}
Event: 4.937 GC heap before
{Heap before GC invocations=5 (full 0):
 garbage-first heap   total 262144K, used 31261K [0x0000000701400000, 0x0000000800000000)
  region size 1024K, 27 young (27648K), 6 survivors (6144K)
 Metaspace       used 34891K, capacity 35781K, committed 35840K, reserved 1081344K
  class space    used 4107K, capacity 4463K, committed 4480K, reserved 1048576K
}
Event: 4.949 GC heap after
{Heap after GC invocations=6 (full 0):
 garbage-first heap   total 315392K, used 12591K [0x0000000701400000, 0x0000000800000000)
  region size 1024K, 8 young (8192K), 8 survivors (8192K)
 Metaspace       used 34891K, capacity 35781K, committed 35840K, reserved 1081344K
  class space    used 4107K, capacity 4463K, committed 4480K, reserved 1048576K
}
Event: 24.150 GC heap before
{Heap before GC invocations=7 (full 0):
 garbage-first heap   total 315392K, used 106799K [0x0000000701400000, 0x0000000800000000)
  region size 1024K, 100 young (102400K), 8 survivors (8192K)
 Metaspace       used 47814K, capacity 49153K, committed 49280K, reserved 1091584K
  class space    used 5683K, capacity 6225K, committed 6272K, reserved 1048576K
}
Event: 24.164 GC heap after
{Heap after GC invocations=8 (full 0):
 garbage-first heap   total 315392K, used 18953K [0x0000000701400000, 0x0000000800000000)
  region size 1024K, 12 young (12288K), 12 survivors (12288K)
 Metaspace       used 47814K, capacity 49153K, committed 49280K, reserved 1091584K
  class space    used 5683K, capacity 6225K, committed 6272K, reserved 1048576K
}

Deoptimization events (20 events):
Event: 24.142 Thread 0x0000021ddc3a9000 Uncommon trap: trap_request=0xffffff4d fr.pc=0x0000021dc6d3a67c relative=0x00000000000002bc
Event: 24.142 Thread 0x0000021ddc3a9000 Uncommon trap: reason=unstable_if action=reinterpret pc=0x0000021dc6d3a67c method=sun.nio.cs.UTF_8$Decoder.decodeArrayLoop(Ljava/nio/ByteBuffer;Ljava/nio/CharBuffer;)Ljava/nio/charset/CoderResult; @ 84 c2
Event: 24.142 Thread 0x0000021ddc3a9000 DEOPT PACKING pc=0x0000021dc6d3a67c sp=0x000000dc391fccd0
Event: 24.142 Thread 0x0000021ddc3a9000 DEOPT UNPACKING pc=0x0000021dbf10a1af sp=0x000000dc391fcc10 mode 2
Event: 24.149 Thread 0x0000021ddc3a9000 Uncommon trap: trap_request=0xffffff4d fr.pc=0x0000021dc6be3da0 relative=0x0000000000000080
Event: 24.149 Thread 0x0000021ddc3a9000 Uncommon trap: reason=unstable_if action=reinterpret pc=0x0000021dc6be3da0 method=java.lang.CharacterDataLatin1.isWhitespace(I)Z @ 14 c2
Event: 24.149 Thread 0x0000021ddc3a9000 DEOPT PACKING pc=0x0000021dc6be3da0 sp=0x000000dc391fd310
Event: 24.149 Thread 0x0000021ddc3a9000 DEOPT UNPACKING pc=0x0000021dbf10a1af sp=0x000000dc391fd280 mode 2
Event: 24.189 Thread 0x0000021ddc3a9000 Uncommon trap: trap_request=0xffffff4d fr.pc=0x0000021dc6db681c relative=0x00000000000003dc
Event: 24.189 Thread 0x0000021ddc3a9000 Uncommon trap: reason=unstable_if action=reinterpret pc=0x0000021dc6db681c method=java.lang.String.<init>([CIILjava/lang/Void;)V @ 43 c2
Event: 24.189 Thread 0x0000021ddc3a9000 DEOPT PACKING pc=0x0000021dc6db681c sp=0x000000dc391fd080
Event: 24.189 Thread 0x0000021ddc3a9000 DEOPT UNPACKING pc=0x0000021dbf10a1af sp=0x000000dc391fcfe8 mode 2
Event: 24.189 Thread 0x0000021ddc3a9000 Uncommon trap: trap_request=0xffffff4d fr.pc=0x0000021dc6c2c5bc relative=0x000000000000037c
Event: 24.189 Thread 0x0000021ddc3a9000 Uncommon trap: reason=unstable_if action=reinterpret pc=0x0000021dc6c2c5bc method=java.lang.String.<init>([CIILjava/lang/Void;)V @ 43 c2
Event: 24.189 Thread 0x0000021ddc3a9000 DEOPT PACKING pc=0x0000021dc6c2c5bc sp=0x000000dc391fd000
Event: 24.189 Thread 0x0000021ddc3a9000 DEOPT UNPACKING pc=0x0000021dbf10a1af sp=0x000000dc391fcfe8 mode 2
Event: 24.190 Thread 0x0000021ddc3a9000 Uncommon trap: trap_request=0xffffff76 fr.pc=0x0000021dc6e517c0 relative=0x0000000000000400
Event: 24.190 Thread 0x0000021ddc3a9000 Uncommon trap: reason=loop_limit_check action=maybe_recompile pc=0x0000021dc6e517c0 method=org.attoparser.util.TextUtil.compareTo(Z[CII[CII)I @ 65 c2
Event: 24.190 Thread 0x0000021ddc3a9000 DEOPT PACKING pc=0x0000021dc6e517c0 sp=0x000000dc391fd0e0
Event: 24.190 Thread 0x0000021ddc3a9000 DEOPT UNPACKING pc=0x0000021dbf10a1af sp=0x000000dc391fd090 mode 2

Classes redefined (0 events):
No events

Internal exceptions (20 events):
Event: 6.619 Thread 0x0000021db9cb2000 Exception <a 'java/lang/ClassNotFoundException'{0x0000000711bce6b8}: org/springframework/web/servlet/config/annotation/WebMvcConfigurationSupportCustomizer> (0x0000000711bce6b8) thrown at [./src/hotspot/share/classfile/systemDictionary.cpp, line 230]
Event: 6.620 Thread 0x0000021db9cb2000 Exception <a 'java/lang/ClassNotFoundException'{0x0000000711bee180}: org/springframework/web/servlet/config/annotation/DelegatingWebMvcConfigurationCustomizer> (0x0000000711bee180) thrown at [./src/hotspot/share/classfile/systemDictionary.cpp, line 230]
Event: 6.620 Thread 0x0000021db9cb2000 Exception <a 'java/lang/ClassNotFoundException'{0x0000000711a05888}: org/springframework/boot/autoconfigure/web/servlet/WebMvcAutoConfiguration$EnableWebMvcConfigurationCustomizer> (0x0000000711a05888) thrown at [./src/hotspot/share/classfile/systemDictionary.cpp, line 230]
Event: 6.622 Thread 0x0000021db9cb2000 Exception <a 'java/lang/ClassNotFoundException'{0x0000000711a21b08}: org/springframework/context/ResourceLoaderAwareCustomizer> (0x0000000711a21b08) thrown at [./src/hotspot/share/classfile/systemDictionary.cpp, line 230]
Event: 6.623 Thread 0x0000021db9cb2000 Exception <a 'java/lang/ClassNotFoundException'{0x0000000711a2e868}: org/springframework/beans/factory/AwareCustomizer> (0x0000000711a2e868) thrown at [./src/hotspot/share/classfile/systemDictionary.cpp, line 230]
Event: 6.623 Thread 0x0000021db9cb2000 Exception <a 'java/lang/ClassNotFoundException'{0x0000000711a3bf88}: org/springframework/context/ApplicationContextAwareCustomizer> (0x0000000711a3bf88) thrown at [./src/hotspot/share/classfile/systemDictionary.cpp, line 230]
Event: 6.623 Thread 0x0000021db9cb2000 Exception <a 'java/lang/ClassNotFoundException'{0x0000000711a49240}: org/springframework/beans/factory/AwareCustomizer> (0x0000000711a49240) thrown at [./src/hotspot/share/classfile/systemDictionary.cpp, line 230]
Event: 6.624 Thread 0x0000021db9cb2000 Exception <a 'java/lang/ClassNotFoundException'{0x0000000711a56978}: org/springframework/web/context/ServletContextAwareCustomizer> (0x0000000711a56978) thrown at [./src/hotspot/share/classfile/systemDictionary.cpp, line 230]
Event: 6.624 Thread 0x0000021db9cb2000 Exception <a 'java/lang/ClassNotFoundException'{0x0000000711a63b40}: org/springframework/beans/factory/AwareCustomizer> (0x0000000711a63b40) thrown at [./src/hotspot/share/classfile/systemDictionary.cpp, line 230]
Event: 6.798 Thread 0x0000021db9cb2000 Exception <a 'java/lang/NoSuchMethodError'{0x00000007114aa618}: 'void java.lang.invoke.DirectMethodHandle$Holder.invokeVirtual(java.lang.Object, java.lang.Object, int)'> (0x00000007114aa618) thrown at [./src/hotspot/share/interpreter/linkResolver.cpp, line 773]
Event: 6.800 Thread 0x0000021db9cb2000 Exception <a 'java/lang/NoSuchMethodError'{0x00000007114c4410}: 'void java.lang.invoke.DirectMethodHandle$Holder.invokeVirtual(java.lang.Object, java.lang.Object, long)'> (0x00000007114c4410) thrown at [./src/hotspot/share/interpreter/linkResolver.cpp, line 773]
Event: 7.050 Thread 0x0000021db9cb2000 Exception <a 'java/lang/IncompatibleClassChangeError'{0x0000000710df73e8}: Found class java.lang.Object, but interface was expected> (0x0000000710df73e8) thrown at [./src/hotspot/share/interpreter/linkResolver.cpp, line 839]
Event: 7.098 Thread 0x0000021db9cb2000 Exception <a 'java/lang/NoSuchMethodError'{0x0000000710b9e6a8}: 'int java.lang.invoke.DirectMethodHandle$Holder.invokeStaticInit(java.lang.Object, java.lang.Object, java.lang.Object, java.lang.Object)'> (0x0000000710b9e6a8) thrown at [./src/hotspot/share/interpreter/linkResolver.cpp, line 773]
Event: 7.356 Thread 0x0000021db9cb2000 Exception <a 'java/lang/NoSuchMethodError'{0x000000071035a890}: 'java.lang.Object java.lang.invoke.DirectMethodHandle$Holder.invokeSpecial(java.lang.Object, java.lang.Object, int, java.lang.Object, int, java.lang.Object)'> (0x000000071035a890) thrown at [./src/hotspot/share/interpreter/linkResolver.cpp, line 773]
Event: 7.371 Thread 0x0000021db9cb2000 Exception <a 'java/lang/NoSuchMethodError'{0x0000000710361d78}: 'java.lang.Object java.lang.invoke.DirectMethodHandle$Holder.invokeStatic(java.lang.Object, java.lang.Object, int, java.lang.Object, int)'> (0x0000000710361d78) thrown at [./src/hotspot/share/interpreter/linkResolver.cpp, line 773]
Event: 7.375 Thread 0x0000021db9cb2000 Exception <a 'java/lang/NoSuchMethodError'{0x0000000710365558}: 'java.lang.Object java.lang.invoke.DirectMethodHandle$Holder.invokeSpecial(java.lang.Object, java.lang.Object, java.lang.Object, int, java.lang.Object, int)'> (0x0000000710365558) thrown at [./src/hotspot/share/interpreter/linkResolver.cpp, line 773]
Event: 7.379 Thread 0x0000021db9cb2000 Exception <a 'java/lang/NoSuchMethodError'{0x0000000710371398}: 'void java.lang.invoke.DirectMethodHandle$Holder.invokeVirtual(java.lang.Object, java.lang.Object)'> (0x0000000710371398) thrown at [./src/hotspot/share/interpreter/linkResolver.cpp, line 773]
Event: 7.481 Thread 0x0000021db9cb2000 Implicit null exception at 0x0000021dc6cd3b5a to 0x0000021dc6cd3d94
Event: 7.502 Thread 0x0000021db9cb2000 Exception <a 'java/io/FileNotFoundException'{0x00000007101381e0}> (0x00000007101381e0) thrown at [./src/hotspot/share/prims/jni.cpp, line 616]
Event: 7.502 Thread 0x0000021db9cb2000 Exception <a 'java/io/FileNotFoundException'{0x0000000710138ea8}> (0x0000000710138ea8) thrown at [./src/hotspot/share/prims/jni.cpp, line 616]

Events (20 events):
Event: 24.214 loading class org/thymeleaf/standard/expression/FragmentExpression
Event: 24.214 loading class org/thymeleaf/standard/expression/FragmentExpression done
Event: 24.215 loading class org/thymeleaf/standard/expression/AndExpression
Event: 24.215 loading class org/thymeleaf/standard/expression/AndExpression done
Event: 24.215 loading class org/thymeleaf/standard/expression/BinaryOperationExpression
Event: 24.215 loading class org/thymeleaf/standard/expression/BinaryOperationExpression done
Event: 24.215 loading class org/thymeleaf/standard/expression/ComplexExpression
Event: 24.215 loading class org/thymeleaf/standard/expression/ComplexExpression done
Event: 24.216 loading class org/thymeleaf/standard/expression/ExpressionParsingState
Event: 24.216 loading class org/thymeleaf/standard/expression/ExpressionParsingState done
Event: 24.216 loading class org/thymeleaf/standard/expression/EqualsNotEqualsExpression
Event: 24.216 loading class org/thymeleaf/standard/expression/EqualsNotEqualsExpression done
Event: 24.217 loading class org/thymeleaf/standard/expression/EqualsExpression
Event: 24.217 loading class org/thymeleaf/standard/expression/EqualsExpression done
Event: 24.217 loading class org/thymeleaf/standard/expression/NotEqualsExpression
Event: 24.217 loading class org/thymeleaf/standard/expression/NotEqualsExpression done
Event: 24.217 loading class org/thymeleaf/standard/expression/GreaterLesserExpression
Event: 24.217 loading class org/thymeleaf/standard/expression/GreaterLesserExpression done
Event: 24.217 loading class org/thymeleaf/standard/expression/GreaterThanExpression
Event: 24.217 loading class org/thymeleaf/standard/expression/GreaterThanExpression done


Dynamic libraries:
0x00007ff681140000 - 0x00007ff68114a000 	C:\Program Files\JetBrains\IntelliJ IDEA Community Edition 2021.3.3\jbr\bin\java.exe
0x00007ffb6afb0000 - 0x00007ffb6b1a5000 	C:\WINDOWS\SYSTEM32\ntdll.dll
0x00007ffb69310000 - 0x00007ffb693ce000 	C:\WINDOWS\System32\KERNEL32.DLL
0x00007ffb68760000 - 0x00007ffb68a28000 	C:\WINDOWS\System32\KERNELBASE.dll
0x00007ffb33390000 - 0x00007ffb334ad000 	C:\WINDOWS\System32\AppCheck64.dll
0x00007ffb68d00000 - 0x00007ffb68e00000 	C:\WINDOWS\System32\ucrtbase.dll
0x00007ffb62a90000 - 0x00007ffb62a9a000 	C:\WINDOWS\SYSTEM32\VERSION.dll
0x00007ffb5ed70000 - 0x00007ffb5ed89000 	C:\Program Files\JetBrains\IntelliJ IDEA Community Edition 2021.3.3\jbr\bin\jli.dll
0x00007ffb698a0000 - 0x00007ffb6993e000 	C:\WINDOWS\System32\msvcrt.dll
0x00007ffb6aa60000 - 0x00007ffb6ac00000 	C:\WINDOWS\System32\USER32.dll
0x00007ffb68b40000 - 0x00007ffb68b62000 	C:\WINDOWS\System32\win32u.dll
0x00007ffb6ac00000 - 0x00007ffb6ac2b000 	C:\WINDOWS\System32\GDI32.dll
0x00007ffb68a30000 - 0x00007ffb68b3b000 	C:\WINDOWS\System32\gdi32full.dll
0x00007ffb68b70000 - 0x00007ffb68c0d000 	C:\WINDOWS\System32\msvcp_win.dll
0x00007ffb4b200000 - 0x00007ffb4b216000 	C:\Program Files\JetBrains\IntelliJ IDEA Community Edition 2021.3.3\jbr\bin\VCRUNTIME140.dll
0x00007ffb597d0000 - 0x00007ffb59a6a000 	C:\WINDOWS\WinSxS\amd64_microsoft.windows.common-controls_6595b64144ccf1df_6.0.19041.1110_none_60b5254171f9507e\COMCTL32.dll
0x00007ffb6a130000 - 0x00007ffb6a1de000 	C:\WINDOWS\System32\ADVAPI32.dll
0x00007ffb6ae00000 - 0x00007ffb6ae9c000 	C:\WINDOWS\System32\sechost.dll
0x00007ffb69100000 - 0x00007ffb69225000 	C:\WINDOWS\System32\RPCRT4.dll
0x00007ffb69230000 - 0x00007ffb69260000 	C:\WINDOWS\System32\IMM32.DLL
0x00007ffb41eb0000 - 0x00007ffb41f5a000 	C:\Program Files\JetBrains\IntelliJ IDEA Community Edition 2021.3.3\jbr\bin\msvcp140.dll
0x00007ffb074d0000 - 0x00007ffb0804a000 	C:\Program Files\JetBrains\IntelliJ IDEA Community Edition 2021.3.3\jbr\bin\server\jvm.dll
0x00007ffb6ac30000 - 0x00007ffb6ac38000 	C:\WINDOWS\System32\PSAPI.DLL
0x00007ffb60600000 - 0x00007ffb60627000 	C:\WINDOWS\SYSTEM32\WINMM.dll
0x00007ffb5fb60000 - 0x00007ffb5fb69000 	C:\WINDOWS\SYSTEM32\WSOCK32.dll
0x00007ffb69960000 - 0x00007ffb699cb000 	C:\WINDOWS\System32\WS2_32.dll
0x00007ffb66600000 - 0x00007ffb66612000 	C:\WINDOWS\SYSTEM32\kernel.appcore.dll
0x00007ffb58c20000 - 0x00007ffb58c31000 	C:\Program Files\JetBrains\IntelliJ IDEA Community Edition 2021.3.3\jbr\bin\verify.dll
0x00007ffb60c30000 - 0x00007ffb60e14000 	C:\WINDOWS\SYSTEM32\DBGHELP.DLL
0x00007ffb60c00000 - 0x00007ffb60c2c000 	C:\WINDOWS\SYSTEM32\dbgcore.DLL
0x00007ffb686d0000 - 0x00007ffb68752000 	C:\WINDOWS\System32\bcryptPrimitives.dll
0x00007ffb53760000 - 0x00007ffb53789000 	C:\Program Files\JetBrains\IntelliJ IDEA Community Edition 2021.3.3\jbr\bin\java.dll
0x00007ffb5f310000 - 0x00007ffb5f31b000 	C:\Program Files\JetBrains\IntelliJ IDEA Community Edition 2021.3.3\jbr\bin\jimage.dll
0x00007ffb53700000 - 0x00007ffb53719000 	C:\Program Files\JetBrains\IntelliJ IDEA Community Edition 2021.3.3\jbr\bin\zip.dll
0x00007ffb699d0000 - 0x00007ffb6a114000 	C:\WINDOWS\System32\SHELL32.dll
0x00007ffb66800000 - 0x00007ffb66f94000 	C:\WINDOWS\SYSTEM32\windows.storage.dll
0x00007ffb6a260000 - 0x00007ffb6a5b4000 	C:\WINDOWS\System32\combase.dll
0x00007ffb680c0000 - 0x00007ffb680ec000 	C:\WINDOWS\SYSTEM32\Wldp.dll
0x00007ffb69260000 - 0x00007ffb6930d000 	C:\WINDOWS\System32\SHCORE.dll
0x00007ffb69010000 - 0x00007ffb69065000 	C:\WINDOWS\System32\shlwapi.dll
0x00007ffb68610000 - 0x00007ffb6862f000 	C:\WINDOWS\SYSTEM32\profapi.dll
0x00007ffb4b300000 - 0x00007ffb4b31a000 	C:\Program Files\JetBrains\IntelliJ IDEA Community Edition 2021.3.3\jbr\bin\net.dll
0x00007ffb5d830000 - 0x00007ffb5d939000 	C:\WINDOWS\SYSTEM32\WINHTTP.dll
0x00007ffb67dc0000 - 0x00007ffb67e2a000 	C:\WINDOWS\system32\mswsock.dll
0x00007ffb49bd0000 - 0x00007ffb49be4000 	C:\Program Files\JetBrains\IntelliJ IDEA Community Edition 2021.3.3\jbr\bin\nio.dll
0x00007ffb5efd0000 - 0x00007ffb5efda000 	C:\Program Files\JetBrains\IntelliJ IDEA Community Edition 2021.3.3\jbr\bin\management.dll
0x00007ffb5eed0000 - 0x00007ffb5eedd000 	C:\Program Files\JetBrains\IntelliJ IDEA Community Edition 2021.3.3\jbr\bin\management_ext.dll
0x00007ffb51c30000 - 0x00007ffb51c47000 	C:\WINDOWS\system32\napinsp.dll
0x00007ffb51c70000 - 0x00007ffb51c8b000 	C:\WINDOWS\system32\pnrpnsp.dll
0x00007ffb51c50000 - 0x00007ffb51c65000 	C:\WINDOWS\system32\wshbth.dll
0x00007ffb642b0000 - 0x00007ffb642cd000 	C:\WINDOWS\system32\NLAapi.dll
0x00007ffb67ab0000 - 0x00007ffb67aeb000 	C:\WINDOWS\SYSTEM32\IPHLPAPI.DLL
0x00007ffb67af0000 - 0x00007ffb67bba000 	C:\WINDOWS\SYSTEM32\DNSAPI.dll
0x00007ffb6ac40000 - 0x00007ffb6ac48000 	C:\WINDOWS\System32\NSI.dll
0x00007ffb51c90000 - 0x00007ffb51ca2000 	C:\WINDOWS\System32\winrnr.dll
0x00007ffb5d1c0000 - 0x00007ffb5d1ca000 	C:\Windows\System32\rasadhlp.dll
0x00007ffb60630000 - 0x00007ffb606af000 	C:\WINDOWS\System32\fwpuclnt.dll
0x00007ffb68c60000 - 0x00007ffb68c87000 	C:\WINDOWS\System32\bcrypt.dll
0x00007ffb68010000 - 0x00007ffb68028000 	C:\WINDOWS\SYSTEM32\CRYPTSP.dll
0x00007ffb67740000 - 0x00007ffb67774000 	C:\WINDOWS\system32\rsaenh.dll
0x00007ffb68590000 - 0x00007ffb685be000 	C:\WINDOWS\SYSTEM32\USERENV.dll
0x00007ffb68030000 - 0x00007ffb6803c000 	C:\WINDOWS\SYSTEM32\CRYPTBASE.dll
0x00007ffb630c0000 - 0x00007ffb630d7000 	C:\WINDOWS\SYSTEM32\dhcpcsvc6.DLL
0x00007ffb63050000 - 0x00007ffb6306d000 	C:\WINDOWS\SYSTEM32\dhcpcsvc.DLL

dbghelp: loaded successfully - version: 4.0.5 - missing functions: none
symbol engine: initialized successfully - sym options: 0x614 - pdb path: .;C:\Program Files\JetBrains\IntelliJ IDEA Community Edition 2021.3.3\jbr\bin;C:\WINDOWS\SYSTEM32;C:\WINDOWS\WinSxS\amd64_microsoft.windows.common-controls_6595b64144ccf1df_6.0.19041.1110_none_60b5254171f9507e;C:\Program Files\JetBrains\IntelliJ IDEA Community Edition 2021.3.3\jbr\bin\server

VM Arguments:
jvm_args: -Dfile.encoding=x-windows-949 -Duser.country=KR -Duser.language=ko -Duser.variant 
java_command: com.doit.study.StudyApplication
java_class_path (initial): D:\Final\DoIT\study\build\classes\java\main;D:\Final\DoIT\study\build\resources\main;C:\Users\zoro0\.gradle\caches\modules-2\files-2.1\org.mybatis.spring.boot\mybatis-spring-boot-starter\2.2.2\e4aff8ef9e02358f90b361acc938be3558f29285\mybatis-spring-boot-starter-2.2.2.jar;C:\Users\zoro0\.gradle\caches\modules-2\files-2.1\org.springframework.boot\spring-boot-starter-jdbc\2.6.4\19047bf41d1f01a3b5e82f90ac77dceefadda943\spring-boot-starter-jdbc-2.6.4.jar;C:\Users\zoro0\.gradle\caches\modules-2\files-2.1\com.github.scribejava\scribejava-apis\2.8.1\c6fbd3dc5da30c991710dd178dc79f0631fc4a5\scribejava-apis-2.8.1.jar;C:\Users\zoro0\.gradle\caches\modules-2\files-2.1\com.googlecode.json-simple\json-simple\1.1.1\c9ad4a0850ab676c5c64461a05ca524cdfff59f1\json-simple-1.1.1.jar;C:\Users\zoro0\.gradle\caches\modules-2\files-2.1\org.springframework.boot\spring-boot-starter-mail\2.6.4\d555115ac6cbfab86e0d27cdc11e88cfae530810\spring-boot-starter-mail-2.6.4.jar;C:\Users\zoro0\.gradle\caches\modules-2\files-2.1\org.apache.commons\commons-lang3\3.12.0\c6842c86792ff03b9f1d1fe2aab8dc23aa6c6f0e\commons-lang3-3.12.0.jar;C:\Users\zoro0\.gradle\caches\modules-2\files-2.1\commons-codec\commons-codec\1.15\49d94806b6e3dc933dacbd8acb0fdbab8ebd1e5d\commons-codec-1.15.jar;C:\Users\zoro0\.gradle\caches\modules-2\files-2.1\org.springframework.boot\spring-boot-starter-thymeleaf\2.6.4\eb6a670880be2a1522c441274dab9092dd448c0c\spring-boot-starter-thymeleaf-2.6.4.jar;C:\Users\zoro0\.gradle\caches\modules-2\files-2.1\org.springframework.boot\spring-boot-starter-web\2.6.4\4aa74a41a8ff99e256433805b0ee63a6053d6b6c\spring-boot-starter-web-2.6.4.jar;C:\Users\zoro0\.gradle\caches\modules-2\files-2.1\com.oracle.database.jdbc\ojdbc6\11.2.0.4\a483a046eee2f404d864a6ff5b09dc0e1be3fe6c\ojdbc6-11.2.0.4.jar;C:\Users\zoro0\.gradle\caches\modules-2\files-2.1\org.springframework.boot\spring-boot-starter-validation\2.6.4\6fb780b99d1b895918918f30979d61f9212f424b\spring-boot-starter-validation-2.6.4.
Launcher Type: SUN_STANDARD

[Global flags]
     intx CICompilerCount                          = 3                                         {product} {ergonomic}
     uint ConcGCThreads                            = 1                                         {product} {ergonomic}
     uint G1ConcRefinementThreads                  = 4                                         {product} {ergonomic}
   size_t G1HeapRegionSize                         = 1048576                                   {product} {ergonomic}
    uintx GCDrainStackTargetSize                   = 64                                        {product} {ergonomic}
   size_t InitialHeapSize                          = 268435456                                 {product} {ergonomic}
   size_t MarkStackSize                            = 4194304                                   {product} {ergonomic}
   size_t MaxHeapSize                              = 4273995776                                {product} {ergonomic}
   size_t MaxNewSize                               = 2563768320                                {product} {ergonomic}
   size_t MinHeapDeltaBytes                        = 1048576                                   {product} {ergonomic}
    uintx NonNMethodCodeHeapSize                   = 5830732                                {pd product} {ergonomic}
    uintx NonProfiledCodeHeapSize                  = 122913754                              {pd product} {ergonomic}
    uintx ProfiledCodeHeapSize                     = 122913754                              {pd product} {ergonomic}
    uintx ReservedCodeCacheSize                    = 251658240                              {pd product} {ergonomic}
     bool SegmentedCodeCache                       = true                                      {product} {ergonomic}
     bool UseCompressedClassPointers               = true                                 {lp64_product} {ergonomic}
     bool UseCompressedOops                        = true                                 {lp64_product} {ergonomic}
     bool UseG1GC                                  = true                                      {product} {ergonomic}
     bool UseLargePagesIndividualAllocation        = false                                  {pd product} {ergonomic}

Logging:
Log output configuration:
 #0: stdout all=warning uptime,level,tags
 #1: stderr all=off uptime,level,tags

Environment Variables:
JAVA_HOME=C:\Program Files\Java\jdk-1.8.0_321
CLASSPATH=%JAVA_HOME%lib
PATH=C:\Program Files\Common Files\Oracle\Java\javapath;D:\oracle\product\10.2.0\db_1\bin;C:\Program Files (x86)\Common Files\Oracle\Java\javapath;C:\WINDOWS\system32;C:\WINDOWS;C:\WINDOWS\System32\Wbem;C:\WINDOWS\System32\WindowsPowerShell\v1.0\;C:\WINDOWS\System32\OpenSSH\;C:\Program Files\Java\jdk1.8.0_301\bin;C:\Program Files\Git\cmd;C:\Program Files (x86)\NVIDIA Corporation\PhysX\Common;C:\Program Files\nodejs\;%JAVA_HOME%\bin\;C:\Program Files\Java\jdk1.8.0_321\bin;C:\Users\zoro0\AppData\Local\Microsoft\WindowsApps;C:\Program Files\Bandizip\;C:\Users\zoro0\AppData\Local\Programs\Microsoft VS Code\bin;C:\Users\zoro0\AppData\Roaming\npm;C:\Users\zoro0\AppData\Local\GitHubDesktop\bin;C:\Program Files\JetBrains\IntelliJ IDEA Community Edition 2021.3.3\bin;;
USERNAME=zoro0
OS=Windows_NT
PROCESSOR_IDENTIFIER=Intel64 Family 6 Model 60 Stepping 3, GenuineIntel



---------------  S Y S T E M  ---------------

OS: Windows 10 , 64 bit Build 19041 (10.0.19041.1566)
OS uptime: 2 days 21:32 hours

CPU:total 4 (initial active 4) (4 cores per cpu, 1 threads per core) family 6 model 60 stepping 3 microcode 0x27, cmov, cx8, fxsr, mmx, sse, sse2, sse3, ssse3, sse4.1, sse4.2, popcnt, avx, avx2, aes, clmul, erms, lzcnt, tsc, tscinvbit, bmi1, bmi2, fma

Memory: 4k page, system-wide physical 16303M (2992M free)
TotalPageFile size 16303M (AvailPageFile size 392M)
current process WorkingSet (physical memory assigned to process): 269M, peak: 291M
current process commit charge ("private bytes"): 478M, peak: 503M

vm_info: OpenJDK 64-Bit Server VM (11.0.14.1+1-b1751.46) for windows-amd64 JRE (11.0.14.1+1-b1751.46), built on Feb 21 2022 15:19:20 by "" with MS VC++ 14.0 (VS2015)

END.
